1645298134216
On branch main
Your branch is up to date with 'origin/main'.

nothing to commit, working tree clean

Everything up-to-date
1645301734216
On branch main
Your branch is up to date with 'origin/main'.

Changes not staged for commit:
  (use "git add <file>..." to update what will be committed)
  (use "git restore <file>..." to discard changes in working directory)
	modified:   debug.log

no changes added to commit (use "git add" and/or "git commit -a")

Everything up-to-date
1645305334216
On branch main
Your branch is up to date with 'origin/main'.

Changes not staged for commit:
  (use "git add <file>..." to update what will be committed)
  (use "git restore <file>..." to discard changes in working directory)
	modified:   debug.log

no changes added to commit (use "git add" and/or "git commit -a")

Everything up-to-date
1645308934216
On branch main
Your branch is up to date with 'origin/main'.

Changes not staged for commit:
  (use "git add <file>..." to update what will be committed)
  (use "git restore <file>..." to discard changes in working directory)
	modified:   debug.log

no changes added to commit (use "git add" and/or "git commit -a")

Warning: Permanently added the ECDSA host key for IP address '140.82.114.4' to the list of known hosts.
Everything up-to-date
1645312534217
On branch main
Your branch is up to date with 'origin/main'.

Changes not staged for commit:
  (use "git add <file>..." to update what will be committed)
  (use "git restore <file>..." to discard changes in working directory)
	modified:   debug.log

no changes added to commit (use "git add" and/or "git commit -a")

Everything up-to-date
1645316134216
On branch main
Your branch is up to date with 'origin/main'.

Changes not staged for commit:
  (use "git add <file>..." to update what will be committed)
  (use "git restore <file>..." to discard changes in working directory)
	modified:   debug.log

no changes added to commit (use "git add" and/or "git commit -a")

Warning: Permanently added the ECDSA host key for IP address '140.82.113.3' to the list of known hosts.
Everything up-to-date
1645319734217
On branch main
Your branch is up to date with 'origin/main'.

Changes not staged for commit:
  (use "git add <file>..." to update what will be committed)
  (use "git restore <file>..." to discard changes in working directory)
	modified:   debug.log

no changes added to commit (use "git add" and/or "git commit -a")

Warning: Permanently added the ECDSA host key for IP address '140.82.112.3' to the list of known hosts.
Everything up-to-date
1645323334217
On branch main
Your branch is up to date with 'origin/main'.

Changes not staged for commit:
  (use "git add <file>..." to update what will be committed)
  (use "git restore <file>..." to discard changes in working directory)
	modified:   debug.log

no changes added to commit (use "git add" and/or "git commit -a")

Everything up-to-date
1645326934216
On branch main
Your branch is up to date with 'origin/main'.

Changes not staged for commit:
  (use "git add <file>..." to update what will be committed)
  (use "git restore <file>..." to discard changes in working directory)
	modified:   debug.log

no changes added to commit (use "git add" and/or "git commit -a")

Everything up-to-date
1645330534217
On branch main
Your branch is up to date with 'origin/main'.

Changes not staged for commit:
  (use "git add <file>..." to update what will be committed)
  (use "git restore <file>..." to discard changes in working directory)
	modified:   debug.log

no changes added to commit (use "git add" and/or "git commit -a")

Everything up-to-date
1645334134218
On branch main
Your branch is up to date with 'origin/main'.

Changes not staged for commit:
  (use "git add <file>..." to update what will be committed)
  (use "git restore <file>..." to discard changes in working directory)
	modified:   debug.log

no changes added to commit (use "git add" and/or "git commit -a")

Everything up-to-date
1645337734218
On branch main
Your branch is up to date with 'origin/main'.

Changes not staged for commit:
  (use "git add <file>..." to update what will be committed)
  (use "git restore <file>..." to discard changes in working directory)
	modified:   debug.log

no changes added to commit (use "git add" and/or "git commit -a")

Everything up-to-date
1645341334219
On branch main
Your branch is up to date with 'origin/main'.

Changes not staged for commit:
  (use "git add <file>..." to update what will be committed)
  (use "git restore <file>..." to discard changes in working directory)
	modified:   debug.log

no changes added to commit (use "git add" and/or "git commit -a")

Everything up-to-date
1645344934218
On branch main
Your branch is up to date with 'origin/main'.

Changes not staged for commit:
  (use "git add <file>..." to update what will be committed)
  (use "git restore <file>..." to discard changes in working directory)
	modified:   debug.log

no changes added to commit (use "git add" and/or "git commit -a")

Everything up-to-date
1645348534219
On branch main
Your branch is up to date with 'origin/main'.

Changes not staged for commit:
  (use "git add <file>..." to update what will be committed)
  (use "git restore <file>..." to discard changes in working directory)
	modified:   debug.log

no changes added to commit (use "git add" and/or "git commit -a")

Everything up-to-date
1645352134220
On branch main
Your branch is up to date with 'origin/main'.

Changes not staged for commit:
  (use "git add <file>..." to update what will be committed)
  (use "git restore <file>..." to discard changes in working directory)
	modified:   debug.log

no changes added to commit (use "git add" and/or "git commit -a")

Everything up-to-date
1645355734219
On branch main
Your branch is up to date with 'origin/main'.

Changes not staged for commit:
  (use "git add <file>..." to update what will be committed)
  (use "git restore <file>..." to discard changes in working directory)
	modified:   debug.log

no changes added to commit (use "git add" and/or "git commit -a")

Everything up-to-date
1645359334220
On branch main
Your branch is up to date with 'origin/main'.

Changes not staged for commit:
  (use "git add <file>..." to update what will be committed)
  (use "git restore <file>..." to discard changes in working directory)
	modified:   debug.log

no changes added to commit (use "git add" and/or "git commit -a")

Everything up-to-date
1645362934219
On branch main
Your branch is up to date with 'origin/main'.

Changes not staged for commit:
  (use "git add <file>..." to update what will be committed)
  (use "git restore <file>..." to discard changes in working directory)
	modified:   debug.log

no changes added to commit (use "git add" and/or "git commit -a")

Everything up-to-date
1645366534220
On branch main
Your branch is up to date with 'origin/main'.

Changes not staged for commit:
  (use "git add <file>..." to update what will be committed)
  (use "git restore <file>..." to discard changes in working directory)
	modified:   debug.log

no changes added to commit (use "git add" and/or "git commit -a")

Everything up-to-date
1645370134219
On branch main
Your branch is up to date with 'origin/main'.

Changes not staged for commit:
  (use "git add <file>..." to update what will be committed)
  (use "git restore <file>..." to discard changes in working directory)
	modified:   debug.log

no changes added to commit (use "git add" and/or "git commit -a")

Everything up-to-date
1645373734220
On branch main
Your branch is up to date with 'origin/main'.

Changes not staged for commit:
  (use "git add <file>..." to update what will be committed)
  (use "git restore <file>..." to discard changes in working directory)
	modified:   debug.log

no changes added to commit (use "git add" and/or "git commit -a")

Everything up-to-date
1645463011371
On branch main
Your branch is up to date with 'origin/main'.

Changes not staged for commit:
  (use "git add <file>..." to update what will be committed)
  (use "git restore <file>..." to discard changes in working directory)
	modified:   debug.log
	modified:   waste_parse.js

no changes added to commit (use "git add" and/or "git commit -a")

Everything up-to-date
1645549411372
[main 94ae9bf] update
 1 file changed, 1 insertion(+), 1 deletion(-)

To github.com:edgecollective/wastewater-parse.git
   16bbfa4..94ae9bf  main -> main
1645635811371
On branch main
Your branch is up to date with 'origin/main'.

Changes not staged for commit:
  (use "git add <file>..." to update what will be committed)
  (use "git restore <file>..." to discard changes in working directory)
	modified:   debug.log
	modified:   waste_parse.js

no changes added to commit (use "git add" and/or "git commit -a")

Everything up-to-date
1645722211371
[main 7e592bc] update
 1 file changed, 18 insertions(+), 9 deletions(-)

To github.com:edgecollective/wastewater-parse.git
   94ae9bf..7e592bc  main -> main
1645808611372
[main 7c22241] update
 1 file changed, 1 insertion(+), 1 deletion(-)

To github.com:edgecollective/wastewater-parse.git
   7e592bc..7c22241  main -> main
1645895011372
[main 842737f] update
 1 file changed, 1 insertion(+), 1 deletion(-)

To github.com:edgecollective/wastewater-parse.git
   7c22241..842737f  main -> main
1645981411372
On branch main
Your branch is up to date with 'origin/main'.

Changes not staged for commit:
  (use "git add <file>..." to update what will be committed)
  (use "git restore <file>..." to discard changes in working directory)
	modified:   debug.log
	modified:   waste_parse.js

no changes added to commit (use "git add" and/or "git commit -a")

Everything up-to-date
1646067811372
On branch main
Your branch is up to date with 'origin/main'.

Changes not staged for commit:
  (use "git add <file>..." to update what will be committed)
  (use "git restore <file>..." to discard changes in working directory)
	modified:   debug.log
	modified:   waste_parse.js

no changes added to commit (use "git add" and/or "git commit -a")

Everything up-to-date
1646154211372
On branch main
Your branch is up to date with 'origin/main'.

Changes not staged for commit:
  (use "git add <file>..." to update what will be committed)
  (use "git restore <file>..." to discard changes in working directory)
	modified:   debug.log
	modified:   waste_parse.js

no changes added to commit (use "git add" and/or "git commit -a")

Everything up-to-date
1646170119146
Error: Command failed: ./grab.sh
To github.com:edgecollective/wastewater-parse.git
 ! [rejected]        main -> main (fetch first)
error: failed to push some refs to 'git@github.com:edgecollective/wastewater-parse.git'
hint: Updates were rejected because the remote contains work that you do
hint: not have locally. This is usually caused by another repository pushing
hint: to the same ref. You may want to first integrate the remote changes
hint: (e.g., 'git pull ...') before pushing again.
hint: See the 'Note about fast-forwards' in 'git push --help' for details.

1646184517733
Error: Command failed: ./grab.sh
To github.com:edgecollective/wastewater-parse.git
 ! [rejected]        main -> main (fetch first)
error: failed to push some refs to 'git@github.com:edgecollective/wastewater-parse.git'
hint: Updates were rejected because the remote contains work that you do
hint: not have locally. This is usually caused by another repository pushing
hint: to the same ref. You may want to first integrate the remote changes
hint: (e.g., 'git pull ...') before pushing again.
hint: See the 'Note about fast-forwards' in 'git push --help' for details.

1646198917030
Error: Command failed: ./grab.sh
To github.com:edgecollective/wastewater-parse.git
 ! [rejected]        main -> main (fetch first)
error: failed to push some refs to 'git@github.com:edgecollective/wastewater-parse.git'
hint: Updates were rejected because the remote contains work that you do
hint: not have locally. This is usually caused by another repository pushing
hint: to the same ref. You may want to first integrate the remote changes
hint: (e.g., 'git pull ...') before pushing again.
hint: See the 'Note about fast-forwards' in 'git push --help' for details.

1646213317332
Error: Command failed: ./grab.sh
To github.com:edgecollective/wastewater-parse.git
 ! [rejected]        main -> main (fetch first)
error: failed to push some refs to 'git@github.com:edgecollective/wastewater-parse.git'
hint: Updates were rejected because the remote contains work that you do
hint: not have locally. This is usually caused by another repository pushing
hint: to the same ref. You may want to first integrate the remote changes
hint: (e.g., 'git pull ...') before pushing again.
hint: See the 'Note about fast-forwards' in 'git push --help' for details.

1646227719646
Error: Command failed: ./grab.sh
To github.com:edgecollective/wastewater-parse.git
 ! [rejected]        main -> main (fetch first)
error: failed to push some refs to 'git@github.com:edgecollective/wastewater-parse.git'
hint: Updates were rejected because the remote contains work that you do
hint: not have locally. This is usually caused by another repository pushing
hint: to the same ref. You may want to first integrate the remote changes
hint: (e.g., 'git pull ...') before pushing again.
hint: See the 'Note about fast-forwards' in 'git push --help' for details.

1646242118381
Error: Command failed: ./grab.sh
To github.com:edgecollective/wastewater-parse.git
 ! [rejected]        main -> main (fetch first)
error: failed to push some refs to 'git@github.com:edgecollective/wastewater-parse.git'
hint: Updates were rejected because the remote contains work that you do
hint: not have locally. This is usually caused by another repository pushing
hint: to the same ref. You may want to first integrate the remote changes
hint: (e.g., 'git pull ...') before pushing again.
hint: See the 'Note about fast-forwards' in 'git push --help' for details.

1646256518232
Error: Command failed: ./grab.sh
To github.com:edgecollective/wastewater-parse.git
 ! [rejected]        main -> main (fetch first)
error: failed to push some refs to 'git@github.com:edgecollective/wastewater-parse.git'
hint: Updates were rejected because the remote contains work that you do
hint: not have locally. This is usually caused by another repository pushing
hint: to the same ref. You may want to first integrate the remote changes
hint: (e.g., 'git pull ...') before pushing again.
hint: See the 'Note about fast-forwards' in 'git push --help' for details.

1646270917598
Error: Command failed: ./grab.sh
To github.com:edgecollective/wastewater-parse.git
 ! [rejected]        main -> main (fetch first)
error: failed to push some refs to 'git@github.com:edgecollective/wastewater-parse.git'
hint: Updates were rejected because the remote contains work that you do
hint: not have locally. This is usually caused by another repository pushing
hint: to the same ref. You may want to first integrate the remote changes
hint: (e.g., 'git pull ...') before pushing again.
hint: See the 'Note about fast-forwards' in 'git push --help' for details.

1646285316740
Error: Command failed: ./grab.sh
To github.com:edgecollective/wastewater-parse.git
 ! [rejected]        main -> main (fetch first)
error: failed to push some refs to 'git@github.com:edgecollective/wastewater-parse.git'
hint: Updates were rejected because the remote contains work that you do
hint: not have locally. This is usually caused by another repository pushing
hint: to the same ref. You may want to first integrate the remote changes
hint: (e.g., 'git pull ...') before pushing again.
hint: See the 'Note about fast-forwards' in 'git push --help' for details.

1646299717090
Error: Command failed: ./grab.sh
To github.com:edgecollective/wastewater-parse.git
 ! [rejected]        main -> main (fetch first)
error: failed to push some refs to 'git@github.com:edgecollective/wastewater-parse.git'
hint: Updates were rejected because the remote contains work that you do
hint: not have locally. This is usually caused by another repository pushing
hint: to the same ref. You may want to first integrate the remote changes
hint: (e.g., 'git pull ...') before pushing again.
hint: See the 'Note about fast-forwards' in 'git push --help' for details.

1646314117894
Error: Command failed: ./grab.sh
To github.com:edgecollective/wastewater-parse.git
 ! [rejected]        main -> main (fetch first)
error: failed to push some refs to 'git@github.com:edgecollective/wastewater-parse.git'
hint: Updates were rejected because the remote contains work that you do
hint: not have locally. This is usually caused by another repository pushing
hint: to the same ref. You may want to first integrate the remote changes
hint: (e.g., 'git pull ...') before pushing again.
hint: See the 'Note about fast-forwards' in 'git push --help' for details.

1646328517593
Error: Command failed: ./grab.sh
To github.com:edgecollective/wastewater-parse.git
 ! [rejected]        main -> main (fetch first)
error: failed to push some refs to 'git@github.com:edgecollective/wastewater-parse.git'
hint: Updates were rejected because the remote contains work that you do
hint: not have locally. This is usually caused by another repository pushing
hint: to the same ref. You may want to first integrate the remote changes
hint: (e.g., 'git pull ...') before pushing again.
hint: See the 'Note about fast-forwards' in 'git push --help' for details.

1646342917996
Error: Command failed: ./grab.sh
To github.com:edgecollective/wastewater-parse.git
 ! [rejected]        main -> main (fetch first)
error: failed to push some refs to 'git@github.com:edgecollective/wastewater-parse.git'
hint: Updates were rejected because the remote contains work that you do
hint: not have locally. This is usually caused by another repository pushing
hint: to the same ref. You may want to first integrate the remote changes
hint: (e.g., 'git pull ...') before pushing again.
hint: See the 'Note about fast-forwards' in 'git push --help' for details.

1646357317312
Error: Command failed: ./grab.sh
To github.com:edgecollective/wastewater-parse.git
 ! [rejected]        main -> main (fetch first)
error: failed to push some refs to 'git@github.com:edgecollective/wastewater-parse.git'
hint: Updates were rejected because the remote contains work that you do
hint: not have locally. This is usually caused by another repository pushing
hint: to the same ref. You may want to first integrate the remote changes
hint: (e.g., 'git pull ...') before pushing again.
hint: See the 'Note about fast-forwards' in 'git push --help' for details.

1646371716688
Error: Command failed: ./grab.sh
To github.com:edgecollective/wastewater-parse.git
 ! [rejected]        main -> main (fetch first)
error: failed to push some refs to 'git@github.com:edgecollective/wastewater-parse.git'
hint: Updates were rejected because the remote contains work that you do
hint: not have locally. This is usually caused by another repository pushing
hint: to the same ref. You may want to first integrate the remote changes
hint: (e.g., 'git pull ...') before pushing again.
hint: See the 'Note about fast-forwards' in 'git push --help' for details.

1646386117189
Error: Command failed: ./grab.sh
To github.com:edgecollective/wastewater-parse.git
 ! [rejected]        main -> main (fetch first)
error: failed to push some refs to 'git@github.com:edgecollective/wastewater-parse.git'
hint: Updates were rejected because the remote contains work that you do
hint: not have locally. This is usually caused by another repository pushing
hint: to the same ref. You may want to first integrate the remote changes
hint: (e.g., 'git pull ...') before pushing again.
hint: See the 'Note about fast-forwards' in 'git push --help' for details.

1646400518435
Error: Command failed: ./grab.sh
To github.com:edgecollective/wastewater-parse.git
 ! [rejected]        main -> main (fetch first)
error: failed to push some refs to 'git@github.com:edgecollective/wastewater-parse.git'
hint: Updates were rejected because the remote contains work that you do
hint: not have locally. This is usually caused by another repository pushing
hint: to the same ref. You may want to first integrate the remote changes
hint: (e.g., 'git pull ...') before pushing again.
hint: See the 'Note about fast-forwards' in 'git push --help' for details.

1646414917554
Error: Command failed: ./grab.sh
To github.com:edgecollective/wastewater-parse.git
 ! [rejected]        main -> main (fetch first)
error: failed to push some refs to 'git@github.com:edgecollective/wastewater-parse.git'
hint: Updates were rejected because the remote contains work that you do
hint: not have locally. This is usually caused by another repository pushing
hint: to the same ref. You may want to first integrate the remote changes
hint: (e.g., 'git pull ...') before pushing again.
hint: See the 'Note about fast-forwards' in 'git push --help' for details.

1646431154974
On branch main
Your branch is up to date with 'origin/main'.

Changes not staged for commit:
  (use "git add <file>..." to update what will be committed)
  (use "git restore <file>..." to discard changes in working directory)
	modified:   debug.log
	modified:   parse.py
	modified:   waste_parse.js

no changes added to commit (use "git add" and/or "git commit -a")

Everything up-to-date
1646445554975
On branch main
Your branch is up to date with 'origin/main'.

Changes not staged for commit:
  (use "git add <file>..." to update what will be committed)
  (use "git restore <file>..." to discard changes in working directory)
	modified:   debug.log
	modified:   parse.py
	modified:   waste_parse.js

no changes added to commit (use "git add" and/or "git commit -a")

Everything up-to-date
1646459954975
On branch main
Your branch is up to date with 'origin/main'.

Changes not staged for commit:
  (use "git add <file>..." to update what will be committed)
  (use "git restore <file>..." to discard changes in working directory)
	modified:   debug.log
	modified:   parse.py
	modified:   waste_parse.js

no changes added to commit (use "git add" and/or "git commit -a")

Everything up-to-date
1646474354976
On branch main
Your branch is up to date with 'origin/main'.

Changes not staged for commit:
  (use "git add <file>..." to update what will be committed)
  (use "git restore <file>..." to discard changes in working directory)
	modified:   debug.log
	modified:   parse.py
	modified:   waste_parse.js

no changes added to commit (use "git add" and/or "git commit -a")

Everything up-to-date
1646488754975
On branch main
Your branch is up to date with 'origin/main'.

Changes not staged for commit:
  (use "git add <file>..." to update what will be committed)
  (use "git restore <file>..." to discard changes in working directory)
	modified:   debug.log
	modified:   parse.py
	modified:   waste_parse.js

no changes added to commit (use "git add" and/or "git commit -a")

Everything up-to-date
1646503154976
[main be27c86] update
 1 file changed, 1 insertion(+), 1 deletion(-)

To github.com:edgecollective/wastewater-parse.git
   1acf08c..be27c86  main -> main
1646517554977
On branch main
Your branch is up to date with 'origin/main'.

Changes not staged for commit:
  (use "git add <file>..." to update what will be committed)
  (use "git restore <file>..." to discard changes in working directory)
	modified:   debug.log
	modified:   parse.py
	modified:   waste_parse.js

no changes added to commit (use "git add" and/or "git commit -a")

Everything up-to-date
1646531954976
On branch main
Your branch is up to date with 'origin/main'.

Changes not staged for commit:
  (use "git add <file>..." to update what will be committed)
  (use "git restore <file>..." to discard changes in working directory)
	modified:   debug.log
	modified:   parse.py
	modified:   waste_parse.js

no changes added to commit (use "git add" and/or "git commit -a")

Everything up-to-date
1646546354977
On branch main
Your branch is up to date with 'origin/main'.

Changes not staged for commit:
  (use "git add <file>..." to update what will be committed)
  (use "git restore <file>..." to discard changes in working directory)
	modified:   debug.log
	modified:   parse.py
	modified:   waste_parse.js

no changes added to commit (use "git add" and/or "git commit -a")

Everything up-to-date
1646560754977
On branch main
Your branch is up to date with 'origin/main'.

Changes not staged for commit:
  (use "git add <file>..." to update what will be committed)
  (use "git restore <file>..." to discard changes in working directory)
	modified:   debug.log
	modified:   parse.py
	modified:   waste_parse.js

no changes added to commit (use "git add" and/or "git commit -a")

Everything up-to-date
1646575154978
On branch main
Your branch is up to date with 'origin/main'.

Changes not staged for commit:
  (use "git add <file>..." to update what will be committed)
  (use "git restore <file>..." to discard changes in working directory)
	modified:   debug.log
	modified:   parse.py
	modified:   waste_parse.js

no changes added to commit (use "git add" and/or "git commit -a")

Everything up-to-date
1646589554978
On branch main
Your branch is up to date with 'origin/main'.

Changes not staged for commit:
  (use "git add <file>..." to update what will be committed)
  (use "git restore <file>..." to discard changes in working directory)
	modified:   debug.log
	modified:   parse.py
	modified:   waste_parse.js

no changes added to commit (use "git add" and/or "git commit -a")

Everything up-to-date
1646603954978
On branch main
Your branch is up to date with 'origin/main'.

Changes not staged for commit:
  (use "git add <file>..." to update what will be committed)
  (use "git restore <file>..." to discard changes in working directory)
	modified:   debug.log
	modified:   parse.py
	modified:   waste_parse.js

no changes added to commit (use "git add" and/or "git commit -a")

Everything up-to-date
1646618354979
On branch main
Your branch is up to date with 'origin/main'.

Changes not staged for commit:
  (use "git add <file>..." to update what will be committed)
  (use "git restore <file>..." to discard changes in working directory)
	modified:   debug.log
	modified:   parse.py
	modified:   waste_parse.js

no changes added to commit (use "git add" and/or "git commit -a")

Everything up-to-date
1646632754978
On branch main
Your branch is up to date with 'origin/main'.

Changes not staged for commit:
  (use "git add <file>..." to update what will be committed)
  (use "git restore <file>..." to discard changes in working directory)
	modified:   debug.log
	modified:   parse.py
	modified:   waste_parse.js

no changes added to commit (use "git add" and/or "git commit -a")

Everything up-to-date
1646647154979
On branch main
Your branch is up to date with 'origin/main'.

Changes not staged for commit:
  (use "git add <file>..." to update what will be committed)
  (use "git restore <file>..." to discard changes in working directory)
	modified:   debug.log
	modified:   parse.py
	modified:   waste_parse.js

no changes added to commit (use "git add" and/or "git commit -a")

Everything up-to-date
1646661554979
On branch main
Your branch is up to date with 'origin/main'.

Changes not staged for commit:
  (use "git add <file>..." to update what will be committed)
  (use "git restore <file>..." to discard changes in working directory)
	modified:   debug.log
	modified:   parse.py
	modified:   waste_parse.js

no changes added to commit (use "git add" and/or "git commit -a")

Everything up-to-date
1646675954979
On branch main
Your branch is up to date with 'origin/main'.

Changes not staged for commit:
  (use "git add <file>..." to update what will be committed)
  (use "git restore <file>..." to discard changes in working directory)
	modified:   debug.log
	modified:   parse.py
	modified:   waste_parse.js

no changes added to commit (use "git add" and/or "git commit -a")

Everything up-to-date
1646690354978
On branch main
Your branch is up to date with 'origin/main'.

Changes not staged for commit:
  (use "git add <file>..." to update what will be committed)
  (use "git restore <file>..." to discard changes in working directory)
	modified:   debug.log
	modified:   parse.py
	modified:   waste_parse.js

no changes added to commit (use "git add" and/or "git commit -a")

Everything up-to-date
1646704754978
On branch main
Your branch is up to date with 'origin/main'.

Changes not staged for commit:
  (use "git add <file>..." to update what will be committed)
  (use "git restore <file>..." to discard changes in working directory)
	modified:   debug.log
	modified:   parse.py
	modified:   waste_parse.js

no changes added to commit (use "git add" and/or "git commit -a")

Everything up-to-date
1646719154978
On branch main
Your branch is up to date with 'origin/main'.

Changes not staged for commit:
  (use "git add <file>..." to update what will be committed)
  (use "git restore <file>..." to discard changes in working directory)
	modified:   debug.log
	modified:   parse.py
	modified:   waste_parse.js

no changes added to commit (use "git add" and/or "git commit -a")

Everything up-to-date
1646733554978
On branch main
Your branch is up to date with 'origin/main'.

Changes not staged for commit:
  (use "git add <file>..." to update what will be committed)
  (use "git restore <file>..." to discard changes in working directory)
	modified:   debug.log
	modified:   parse.py
	modified:   waste_parse.js

no changes added to commit (use "git add" and/or "git commit -a")

Everything up-to-date
1646747954978
On branch main
Your branch is up to date with 'origin/main'.

Changes not staged for commit:
  (use "git add <file>..." to update what will be committed)
  (use "git restore <file>..." to discard changes in working directory)
	modified:   debug.log
	modified:   parse.py
	modified:   waste_parse.js

no changes added to commit (use "git add" and/or "git commit -a")

Everything up-to-date
1646762354979
On branch main
Your branch is up to date with 'origin/main'.

Changes not staged for commit:
  (use "git add <file>..." to update what will be committed)
  (use "git restore <file>..." to discard changes in working directory)
	modified:   debug.log
	modified:   parse.py
	modified:   waste_parse.js

no changes added to commit (use "git add" and/or "git commit -a")

Traceback (most recent call last):
  File "/usr/local/lib/python3.8/dist-packages/pandas/core/arrays/datetimes.py", line 2211, in objects_to_datetime64ns
    values, tz_parsed = conversion.datetime_to_datetime64(data.ravel("K"))
  File "pandas/_libs/tslibs/conversion.pyx", line 360, in pandas._libs.tslibs.conversion.datetime_to_datetime64
TypeError: Unrecognized value type: <class 'str'>

During handling of the above exception, another exception occurred:

Traceback (most recent call last):
  File "parse.py", line 34, in <module>
    unixtime=pd.to_datetime(df.Date).astype(int) / 10**9
  File "/usr/local/lib/python3.8/dist-packages/pandas/core/tools/datetimes.py", line 1051, in to_datetime
    values = convert_listlike(arg._values, format)
  File "/usr/local/lib/python3.8/dist-packages/pandas/core/tools/datetimes.py", line 402, in _convert_listlike_datetimes
    result, tz_parsed = objects_to_datetime64ns(
  File "/usr/local/lib/python3.8/dist-packages/pandas/core/arrays/datetimes.py", line 2217, in objects_to_datetime64ns
    raise err
  File "/usr/local/lib/python3.8/dist-packages/pandas/core/arrays/datetimes.py", line 2199, in objects_to_datetime64ns
    result, tz_parsed = tslib.array_to_datetime(
  File "pandas/_libs/tslib.pyx", line 381, in pandas._libs.tslib.array_to_datetime
  File "pandas/_libs/tslib.pyx", line 613, in pandas._libs.tslib.array_to_datetime
  File "pandas/_libs/tslib.pyx", line 751, in pandas._libs.tslib._array_to_datetime_object
  File "pandas/_libs/tslib.pyx", line 742, in pandas._libs.tslib._array_to_datetime_object
  File "pandas/_libs/tslibs/parsing.pyx", line 281, in pandas._libs.tslibs.parsing.parse_datetime_string
  File "/usr/local/lib/python3.8/dist-packages/dateutil/parser/_parser.py", line 1368, in parse
    return DEFAULTPARSER.parse(timestr, **kwargs)
  File "/usr/local/lib/python3.8/dist-packages/dateutil/parser/_parser.py", line 643, in parse
    raise ParserError("Unknown string format: %s", timestr)
dateutil.parser._parser.ParserError: Unknown string format: 3/20/2022
3/21/2022
3/22/2022
3/23/2022
3/24/2022
3/25/2022
3/26/2022
3/27/2022
3/28/2022
3/29/2022
3/30/2022
3/31/2022
4/1/2022
4/2/2022
4/3/2022
4/4/2022
4/5/2022
4/6/2022
4/7/2022
4/8/2022
4/9/2022
4/10/2022
4/11/2022
4/12/2022
4/13/2022
4/14/2022
4/15/2022
4/16/2022
4/17/2022
4/18/2022
4/19/2022
4/20/2022
4/21/2022
4/22/2022
4/23/2022
4/24/2022
4/25/2022
4/26/2022
4/27/2022
4/28/2022
4/29/2022
4/30/2022
Everything up-to-date
1646776754979
On branch main
Your branch is up to date with 'origin/main'.

Changes not staged for commit:
  (use "git add <file>..." to update what will be committed)
  (use "git restore <file>..." to discard changes in working directory)
	modified:   debug.log
	modified:   parse.py
	modified:   waste_parse.js

no changes added to commit (use "git add" and/or "git commit -a")

Traceback (most recent call last):
  File "/usr/local/lib/python3.8/dist-packages/pandas/core/arrays/datetimes.py", line 2211, in objects_to_datetime64ns
    values, tz_parsed = conversion.datetime_to_datetime64(data.ravel("K"))
  File "pandas/_libs/tslibs/conversion.pyx", line 360, in pandas._libs.tslibs.conversion.datetime_to_datetime64
TypeError: Unrecognized value type: <class 'str'>

During handling of the above exception, another exception occurred:

Traceback (most recent call last):
  File "parse.py", line 34, in <module>
    unixtime=pd.to_datetime(df.Date).astype(int) / 10**9
  File "/usr/local/lib/python3.8/dist-packages/pandas/core/tools/datetimes.py", line 1051, in to_datetime
    values = convert_listlike(arg._values, format)
  File "/usr/local/lib/python3.8/dist-packages/pandas/core/tools/datetimes.py", line 402, in _convert_listlike_datetimes
    result, tz_parsed = objects_to_datetime64ns(
  File "/usr/local/lib/python3.8/dist-packages/pandas/core/arrays/datetimes.py", line 2217, in objects_to_datetime64ns
    raise err
  File "/usr/local/lib/python3.8/dist-packages/pandas/core/arrays/datetimes.py", line 2199, in objects_to_datetime64ns
    result, tz_parsed = tslib.array_to_datetime(
  File "pandas/_libs/tslib.pyx", line 381, in pandas._libs.tslib.array_to_datetime
  File "pandas/_libs/tslib.pyx", line 613, in pandas._libs.tslib.array_to_datetime
  File "pandas/_libs/tslib.pyx", line 751, in pandas._libs.tslib._array_to_datetime_object
  File "pandas/_libs/tslib.pyx", line 742, in pandas._libs.tslib._array_to_datetime_object
  File "pandas/_libs/tslibs/parsing.pyx", line 281, in pandas._libs.tslibs.parsing.parse_datetime_string
  File "/usr/local/lib/python3.8/dist-packages/dateutil/parser/_parser.py", line 1368, in parse
    return DEFAULTPARSER.parse(timestr, **kwargs)
  File "/usr/local/lib/python3.8/dist-packages/dateutil/parser/_parser.py", line 643, in parse
    raise ParserError("Unknown string format: %s", timestr)
dateutil.parser._parser.ParserError: Unknown string format: 3/20/2022
3/21/2022
3/22/2022
3/23/2022
3/24/2022
3/25/2022
3/26/2022
3/27/2022
3/28/2022
3/29/2022
3/30/2022
3/31/2022
4/1/2022
4/2/2022
4/3/2022
4/4/2022
4/5/2022
4/6/2022
4/7/2022
4/8/2022
4/9/2022
4/10/2022
4/11/2022
4/12/2022
4/13/2022
4/14/2022
4/15/2022
4/16/2022
4/17/2022
4/18/2022
4/19/2022
4/20/2022
4/21/2022
4/22/2022
4/23/2022
4/24/2022
4/25/2022
4/26/2022
4/27/2022
4/28/2022
4/29/2022
4/30/2022
Everything up-to-date
1646791154980
On branch main
Your branch is up to date with 'origin/main'.

Changes not staged for commit:
  (use "git add <file>..." to update what will be committed)
  (use "git restore <file>..." to discard changes in working directory)
	modified:   debug.log
	modified:   parse.py
	modified:   waste_parse.js

no changes added to commit (use "git add" and/or "git commit -a")

Traceback (most recent call last):
  File "/usr/local/lib/python3.8/dist-packages/pandas/core/arrays/datetimes.py", line 2211, in objects_to_datetime64ns
    values, tz_parsed = conversion.datetime_to_datetime64(data.ravel("K"))
  File "pandas/_libs/tslibs/conversion.pyx", line 360, in pandas._libs.tslibs.conversion.datetime_to_datetime64
TypeError: Unrecognized value type: <class 'str'>

During handling of the above exception, another exception occurred:

Traceback (most recent call last):
  File "parse.py", line 34, in <module>
    unixtime=pd.to_datetime(df.Date).astype(int) / 10**9
  File "/usr/local/lib/python3.8/dist-packages/pandas/core/tools/datetimes.py", line 1051, in to_datetime
    values = convert_listlike(arg._values, format)
  File "/usr/local/lib/python3.8/dist-packages/pandas/core/tools/datetimes.py", line 402, in _convert_listlike_datetimes
    result, tz_parsed = objects_to_datetime64ns(
  File "/usr/local/lib/python3.8/dist-packages/pandas/core/arrays/datetimes.py", line 2217, in objects_to_datetime64ns
    raise err
  File "/usr/local/lib/python3.8/dist-packages/pandas/core/arrays/datetimes.py", line 2199, in objects_to_datetime64ns
    result, tz_parsed = tslib.array_to_datetime(
  File "pandas/_libs/tslib.pyx", line 381, in pandas._libs.tslib.array_to_datetime
  File "pandas/_libs/tslib.pyx", line 613, in pandas._libs.tslib.array_to_datetime
  File "pandas/_libs/tslib.pyx", line 751, in pandas._libs.tslib._array_to_datetime_object
  File "pandas/_libs/tslib.pyx", line 742, in pandas._libs.tslib._array_to_datetime_object
  File "pandas/_libs/tslibs/parsing.pyx", line 281, in pandas._libs.tslibs.parsing.parse_datetime_string
  File "/usr/local/lib/python3.8/dist-packages/dateutil/parser/_parser.py", line 1368, in parse
    return DEFAULTPARSER.parse(timestr, **kwargs)
  File "/usr/local/lib/python3.8/dist-packages/dateutil/parser/_parser.py", line 643, in parse
    raise ParserError("Unknown string format: %s", timestr)
dateutil.parser._parser.ParserError: Unknown string format: 3/20/2022
3/21/2022
3/22/2022
3/23/2022
3/24/2022
3/25/2022
3/26/2022
3/27/2022
3/28/2022
3/29/2022
3/30/2022
3/31/2022
4/1/2022
4/2/2022
4/3/2022
4/4/2022
4/5/2022
4/6/2022
4/7/2022
4/8/2022
4/9/2022
4/10/2022
4/11/2022
4/12/2022
4/13/2022
4/14/2022
4/15/2022
4/16/2022
4/17/2022
4/18/2022
4/19/2022
4/20/2022
4/21/2022
4/22/2022
4/23/2022
4/24/2022
4/25/2022
4/26/2022
4/27/2022
4/28/2022
4/29/2022
4/30/2022
Everything up-to-date
1646805554980
On branch main
Your branch is up to date with 'origin/main'.

Changes not staged for commit:
  (use "git add <file>..." to update what will be committed)
  (use "git restore <file>..." to discard changes in working directory)
	modified:   debug.log
	modified:   parse.py
	modified:   waste_parse.js

no changes added to commit (use "git add" and/or "git commit -a")

Traceback (most recent call last):
  File "/usr/local/lib/python3.8/dist-packages/pandas/core/arrays/datetimes.py", line 2211, in objects_to_datetime64ns
    values, tz_parsed = conversion.datetime_to_datetime64(data.ravel("K"))
  File "pandas/_libs/tslibs/conversion.pyx", line 360, in pandas._libs.tslibs.conversion.datetime_to_datetime64
TypeError: Unrecognized value type: <class 'str'>

During handling of the above exception, another exception occurred:

Traceback (most recent call last):
  File "parse.py", line 34, in <module>
    unixtime=pd.to_datetime(df.Date).astype(int) / 10**9
  File "/usr/local/lib/python3.8/dist-packages/pandas/core/tools/datetimes.py", line 1051, in to_datetime
    values = convert_listlike(arg._values, format)
  File "/usr/local/lib/python3.8/dist-packages/pandas/core/tools/datetimes.py", line 402, in _convert_listlike_datetimes
    result, tz_parsed = objects_to_datetime64ns(
  File "/usr/local/lib/python3.8/dist-packages/pandas/core/arrays/datetimes.py", line 2217, in objects_to_datetime64ns
    raise err
  File "/usr/local/lib/python3.8/dist-packages/pandas/core/arrays/datetimes.py", line 2199, in objects_to_datetime64ns
    result, tz_parsed = tslib.array_to_datetime(
  File "pandas/_libs/tslib.pyx", line 381, in pandas._libs.tslib.array_to_datetime
  File "pandas/_libs/tslib.pyx", line 613, in pandas._libs.tslib.array_to_datetime
  File "pandas/_libs/tslib.pyx", line 751, in pandas._libs.tslib._array_to_datetime_object
  File "pandas/_libs/tslib.pyx", line 742, in pandas._libs.tslib._array_to_datetime_object
  File "pandas/_libs/tslibs/parsing.pyx", line 281, in pandas._libs.tslibs.parsing.parse_datetime_string
  File "/usr/local/lib/python3.8/dist-packages/dateutil/parser/_parser.py", line 1368, in parse
    return DEFAULTPARSER.parse(timestr, **kwargs)
  File "/usr/local/lib/python3.8/dist-packages/dateutil/parser/_parser.py", line 643, in parse
    raise ParserError("Unknown string format: %s", timestr)
dateutil.parser._parser.ParserError: Unknown string format: 3/20/2022
3/21/2022
3/22/2022
3/23/2022
3/24/2022
3/25/2022
3/26/2022
3/27/2022
3/28/2022
3/29/2022
3/30/2022
3/31/2022
4/1/2022
4/2/2022
4/3/2022
4/4/2022
4/5/2022
4/6/2022
4/7/2022
4/8/2022
4/9/2022
4/10/2022
4/11/2022
4/12/2022
4/13/2022
4/14/2022
4/15/2022
4/16/2022
4/17/2022
4/18/2022
4/19/2022
4/20/2022
4/21/2022
4/22/2022
4/23/2022
4/24/2022
4/25/2022
4/26/2022
4/27/2022
4/28/2022
4/29/2022
4/30/2022
Everything up-to-date
1646819954981
On branch main
Your branch is up to date with 'origin/main'.

Changes not staged for commit:
  (use "git add <file>..." to update what will be committed)
  (use "git restore <file>..." to discard changes in working directory)
	modified:   debug.log
	modified:   parse.py
	modified:   waste_parse.js

no changes added to commit (use "git add" and/or "git commit -a")

Traceback (most recent call last):
  File "/usr/local/lib/python3.8/dist-packages/pandas/core/arrays/datetimes.py", line 2211, in objects_to_datetime64ns
    values, tz_parsed = conversion.datetime_to_datetime64(data.ravel("K"))
  File "pandas/_libs/tslibs/conversion.pyx", line 360, in pandas._libs.tslibs.conversion.datetime_to_datetime64
TypeError: Unrecognized value type: <class 'str'>

During handling of the above exception, another exception occurred:

Traceback (most recent call last):
  File "parse.py", line 34, in <module>
    unixtime=pd.to_datetime(df.Date).astype(int) / 10**9
  File "/usr/local/lib/python3.8/dist-packages/pandas/core/tools/datetimes.py", line 1051, in to_datetime
    values = convert_listlike(arg._values, format)
  File "/usr/local/lib/python3.8/dist-packages/pandas/core/tools/datetimes.py", line 402, in _convert_listlike_datetimes
    result, tz_parsed = objects_to_datetime64ns(
  File "/usr/local/lib/python3.8/dist-packages/pandas/core/arrays/datetimes.py", line 2217, in objects_to_datetime64ns
    raise err
  File "/usr/local/lib/python3.8/dist-packages/pandas/core/arrays/datetimes.py", line 2199, in objects_to_datetime64ns
    result, tz_parsed = tslib.array_to_datetime(
  File "pandas/_libs/tslib.pyx", line 381, in pandas._libs.tslib.array_to_datetime
  File "pandas/_libs/tslib.pyx", line 613, in pandas._libs.tslib.array_to_datetime
  File "pandas/_libs/tslib.pyx", line 751, in pandas._libs.tslib._array_to_datetime_object
  File "pandas/_libs/tslib.pyx", line 742, in pandas._libs.tslib._array_to_datetime_object
  File "pandas/_libs/tslibs/parsing.pyx", line 281, in pandas._libs.tslibs.parsing.parse_datetime_string
  File "/usr/local/lib/python3.8/dist-packages/dateutil/parser/_parser.py", line 1368, in parse
    return DEFAULTPARSER.parse(timestr, **kwargs)
  File "/usr/local/lib/python3.8/dist-packages/dateutil/parser/_parser.py", line 643, in parse
    raise ParserError("Unknown string format: %s", timestr)
dateutil.parser._parser.ParserError: Unknown string format: 3/20/2022
3/21/2022
3/22/2022
3/23/2022
3/24/2022
3/25/2022
3/26/2022
3/27/2022
3/28/2022
3/29/2022
3/30/2022
3/31/2022
4/1/2022
4/2/2022
4/3/2022
4/4/2022
4/5/2022
4/6/2022
4/7/2022
4/8/2022
4/9/2022
4/10/2022
4/11/2022
4/12/2022
4/13/2022
4/14/2022
4/15/2022
4/16/2022
4/17/2022
4/18/2022
4/19/2022
4/20/2022
4/21/2022
4/22/2022
4/23/2022
4/24/2022
4/25/2022
4/26/2022
4/27/2022
4/28/2022
4/29/2022
4/30/2022
Everything up-to-date
1646834354982
On branch main
Your branch is up to date with 'origin/main'.

Changes not staged for commit:
  (use "git add <file>..." to update what will be committed)
  (use "git restore <file>..." to discard changes in working directory)
	modified:   debug.log
	modified:   parse.py
	modified:   waste_parse.js

no changes added to commit (use "git add" and/or "git commit -a")

Traceback (most recent call last):
  File "/usr/local/lib/python3.8/dist-packages/pandas/core/arrays/datetimes.py", line 2211, in objects_to_datetime64ns
    values, tz_parsed = conversion.datetime_to_datetime64(data.ravel("K"))
  File "pandas/_libs/tslibs/conversion.pyx", line 360, in pandas._libs.tslibs.conversion.datetime_to_datetime64
TypeError: Unrecognized value type: <class 'str'>

During handling of the above exception, another exception occurred:

Traceback (most recent call last):
  File "parse.py", line 34, in <module>
    unixtime=pd.to_datetime(df.Date).astype(int) / 10**9
  File "/usr/local/lib/python3.8/dist-packages/pandas/core/tools/datetimes.py", line 1051, in to_datetime
    values = convert_listlike(arg._values, format)
  File "/usr/local/lib/python3.8/dist-packages/pandas/core/tools/datetimes.py", line 402, in _convert_listlike_datetimes
    result, tz_parsed = objects_to_datetime64ns(
  File "/usr/local/lib/python3.8/dist-packages/pandas/core/arrays/datetimes.py", line 2217, in objects_to_datetime64ns
    raise err
  File "/usr/local/lib/python3.8/dist-packages/pandas/core/arrays/datetimes.py", line 2199, in objects_to_datetime64ns
    result, tz_parsed = tslib.array_to_datetime(
  File "pandas/_libs/tslib.pyx", line 381, in pandas._libs.tslib.array_to_datetime
  File "pandas/_libs/tslib.pyx", line 613, in pandas._libs.tslib.array_to_datetime
  File "pandas/_libs/tslib.pyx", line 751, in pandas._libs.tslib._array_to_datetime_object
  File "pandas/_libs/tslib.pyx", line 742, in pandas._libs.tslib._array_to_datetime_object
  File "pandas/_libs/tslibs/parsing.pyx", line 281, in pandas._libs.tslibs.parsing.parse_datetime_string
  File "/usr/local/lib/python3.8/dist-packages/dateutil/parser/_parser.py", line 1368, in parse
    return DEFAULTPARSER.parse(timestr, **kwargs)
  File "/usr/local/lib/python3.8/dist-packages/dateutil/parser/_parser.py", line 643, in parse
    raise ParserError("Unknown string format: %s", timestr)
dateutil.parser._parser.ParserError: Unknown string format: 3/20/2022
3/21/2022
3/22/2022
3/23/2022
3/24/2022
3/25/2022
3/26/2022
3/27/2022
3/28/2022
3/29/2022
3/30/2022
3/31/2022
4/1/2022
4/2/2022
4/3/2022
4/4/2022
4/5/2022
4/6/2022
4/7/2022
4/8/2022
4/9/2022
4/10/2022
4/11/2022
4/12/2022
4/13/2022
4/14/2022
4/15/2022
4/16/2022
4/17/2022
4/18/2022
4/19/2022
4/20/2022
4/21/2022
4/22/2022
4/23/2022
4/24/2022
4/25/2022
4/26/2022
4/27/2022
4/28/2022
4/29/2022
4/30/2022
Everything up-to-date
1646848754982
On branch main
Your branch is up to date with 'origin/main'.

Changes not staged for commit:
  (use "git add <file>..." to update what will be committed)
  (use "git restore <file>..." to discard changes in working directory)
	modified:   debug.log
	modified:   parse.py
	modified:   waste_parse.js

no changes added to commit (use "git add" and/or "git commit -a")

Traceback (most recent call last):
  File "/usr/local/lib/python3.8/dist-packages/pandas/core/arrays/datetimes.py", line 2211, in objects_to_datetime64ns
    values, tz_parsed = conversion.datetime_to_datetime64(data.ravel("K"))
  File "pandas/_libs/tslibs/conversion.pyx", line 360, in pandas._libs.tslibs.conversion.datetime_to_datetime64
TypeError: Unrecognized value type: <class 'str'>

During handling of the above exception, another exception occurred:

Traceback (most recent call last):
  File "parse.py", line 34, in <module>
    unixtime=pd.to_datetime(df.Date).astype(int) / 10**9
  File "/usr/local/lib/python3.8/dist-packages/pandas/core/tools/datetimes.py", line 1051, in to_datetime
    values = convert_listlike(arg._values, format)
  File "/usr/local/lib/python3.8/dist-packages/pandas/core/tools/datetimes.py", line 402, in _convert_listlike_datetimes
    result, tz_parsed = objects_to_datetime64ns(
  File "/usr/local/lib/python3.8/dist-packages/pandas/core/arrays/datetimes.py", line 2217, in objects_to_datetime64ns
    raise err
  File "/usr/local/lib/python3.8/dist-packages/pandas/core/arrays/datetimes.py", line 2199, in objects_to_datetime64ns
    result, tz_parsed = tslib.array_to_datetime(
  File "pandas/_libs/tslib.pyx", line 381, in pandas._libs.tslib.array_to_datetime
  File "pandas/_libs/tslib.pyx", line 613, in pandas._libs.tslib.array_to_datetime
  File "pandas/_libs/tslib.pyx", line 751, in pandas._libs.tslib._array_to_datetime_object
  File "pandas/_libs/tslib.pyx", line 742, in pandas._libs.tslib._array_to_datetime_object
  File "pandas/_libs/tslibs/parsing.pyx", line 281, in pandas._libs.tslibs.parsing.parse_datetime_string
  File "/usr/local/lib/python3.8/dist-packages/dateutil/parser/_parser.py", line 1368, in parse
    return DEFAULTPARSER.parse(timestr, **kwargs)
  File "/usr/local/lib/python3.8/dist-packages/dateutil/parser/_parser.py", line 643, in parse
    raise ParserError("Unknown string format: %s", timestr)
dateutil.parser._parser.ParserError: Unknown string format: 3/20/2022
3/21/2022
3/22/2022
3/23/2022
3/24/2022
3/25/2022
3/26/2022
3/27/2022
3/28/2022
3/29/2022
3/30/2022
3/31/2022
4/1/2022
4/2/2022
4/3/2022
4/4/2022
4/5/2022
4/6/2022
4/7/2022
4/8/2022
4/9/2022
4/10/2022
4/11/2022
4/12/2022
4/13/2022
4/14/2022
4/15/2022
4/16/2022
4/17/2022
4/18/2022
4/19/2022
4/20/2022
4/21/2022
4/22/2022
4/23/2022
4/24/2022
4/25/2022
4/26/2022
4/27/2022
4/28/2022
4/29/2022
4/30/2022
Everything up-to-date
1646863154983
On branch main
Your branch is up to date with 'origin/main'.

Changes not staged for commit:
  (use "git add <file>..." to update what will be committed)
  (use "git restore <file>..." to discard changes in working directory)
	modified:   debug.log
	modified:   parse.py
	modified:   waste_parse.js

no changes added to commit (use "git add" and/or "git commit -a")

Traceback (most recent call last):
  File "/usr/local/lib/python3.8/dist-packages/pandas/core/arrays/datetimes.py", line 2211, in objects_to_datetime64ns
    values, tz_parsed = conversion.datetime_to_datetime64(data.ravel("K"))
  File "pandas/_libs/tslibs/conversion.pyx", line 360, in pandas._libs.tslibs.conversion.datetime_to_datetime64
TypeError: Unrecognized value type: <class 'str'>

During handling of the above exception, another exception occurred:

Traceback (most recent call last):
  File "parse.py", line 34, in <module>
    unixtime=pd.to_datetime(df.Date).astype(int) / 10**9
  File "/usr/local/lib/python3.8/dist-packages/pandas/core/tools/datetimes.py", line 1051, in to_datetime
    values = convert_listlike(arg._values, format)
  File "/usr/local/lib/python3.8/dist-packages/pandas/core/tools/datetimes.py", line 402, in _convert_listlike_datetimes
    result, tz_parsed = objects_to_datetime64ns(
  File "/usr/local/lib/python3.8/dist-packages/pandas/core/arrays/datetimes.py", line 2217, in objects_to_datetime64ns
    raise err
  File "/usr/local/lib/python3.8/dist-packages/pandas/core/arrays/datetimes.py", line 2199, in objects_to_datetime64ns
    result, tz_parsed = tslib.array_to_datetime(
  File "pandas/_libs/tslib.pyx", line 381, in pandas._libs.tslib.array_to_datetime
  File "pandas/_libs/tslib.pyx", line 613, in pandas._libs.tslib.array_to_datetime
  File "pandas/_libs/tslib.pyx", line 751, in pandas._libs.tslib._array_to_datetime_object
  File "pandas/_libs/tslib.pyx", line 742, in pandas._libs.tslib._array_to_datetime_object
  File "pandas/_libs/tslibs/parsing.pyx", line 281, in pandas._libs.tslibs.parsing.parse_datetime_string
  File "/usr/local/lib/python3.8/dist-packages/dateutil/parser/_parser.py", line 1368, in parse
    return DEFAULTPARSER.parse(timestr, **kwargs)
  File "/usr/local/lib/python3.8/dist-packages/dateutil/parser/_parser.py", line 643, in parse
    raise ParserError("Unknown string format: %s", timestr)
dateutil.parser._parser.ParserError: Unknown string format: 3/20/2022
3/21/2022
3/22/2022
3/23/2022
3/24/2022
3/25/2022
3/26/2022
3/27/2022
3/28/2022
3/29/2022
3/30/2022
3/31/2022
4/1/2022
4/2/2022
4/3/2022
4/4/2022
4/5/2022
4/6/2022
4/7/2022
4/8/2022
4/9/2022
4/10/2022
4/11/2022
4/12/2022
4/13/2022
4/14/2022
4/15/2022
4/16/2022
4/17/2022
4/18/2022
4/19/2022
4/20/2022
4/21/2022
4/22/2022
4/23/2022
4/24/2022
4/25/2022
4/26/2022
4/27/2022
4/28/2022
4/29/2022
4/30/2022
Everything up-to-date
1646877554982
On branch main
Your branch is up to date with 'origin/main'.

nothing to commit, working tree clean

Everything up-to-date
1646891954982
On branch main
Your branch is up to date with 'origin/main'.

Changes not staged for commit:
  (use "git add <file>..." to update what will be committed)
  (use "git restore <file>..." to discard changes in working directory)
	modified:   debug.log

no changes added to commit (use "git add" and/or "git commit -a")

Everything up-to-date
1646906354982
On branch main
Your branch is up to date with 'origin/main'.

Changes not staged for commit:
  (use "git add <file>..." to update what will be committed)
  (use "git restore <file>..." to discard changes in working directory)
	modified:   debug.log

no changes added to commit (use "git add" and/or "git commit -a")

Everything up-to-date
1646920754983
On branch main
Your branch is up to date with 'origin/main'.

Changes not staged for commit:
  (use "git add <file>..." to update what will be committed)
  (use "git restore <file>..." to discard changes in working directory)
	modified:   debug.log

no changes added to commit (use "git add" and/or "git commit -a")

Everything up-to-date
1646935154984
On branch main
Your branch is up to date with 'origin/main'.

Changes not staged for commit:
  (use "git add <file>..." to update what will be committed)
  (use "git restore <file>..." to discard changes in working directory)
	modified:   debug.log

no changes added to commit (use "git add" and/or "git commit -a")

Everything up-to-date
1646949554985
On branch main
Your branch is up to date with 'origin/main'.

Changes not staged for commit:
  (use "git add <file>..." to update what will be committed)
  (use "git restore <file>..." to discard changes in working directory)
	modified:   debug.log

no changes added to commit (use "git add" and/or "git commit -a")

Everything up-to-date
1646963954984
[main fdbb5fe] update
 1 file changed, 1 insertion(+), 1 deletion(-)

To github.com:edgecollective/wastewater-parse.git
   aa351c7..fdbb5fe  main -> main
1646978354984
On branch main
Your branch is up to date with 'origin/main'.

Changes not staged for commit:
  (use "git add <file>..." to update what will be committed)
  (use "git restore <file>..." to discard changes in working directory)
	modified:   debug.log

no changes added to commit (use "git add" and/or "git commit -a")

Everything up-to-date
1646992754985
On branch main
Your branch is up to date with 'origin/main'.

Changes not staged for commit:
  (use "git add <file>..." to update what will be committed)
  (use "git restore <file>..." to discard changes in working directory)
	modified:   debug.log

no changes added to commit (use "git add" and/or "git commit -a")

Everything up-to-date
1647007154984
On branch main
Your branch is up to date with 'origin/main'.

Changes not staged for commit:
  (use "git add <file>..." to update what will be committed)
  (use "git restore <file>..." to discard changes in working directory)
	modified:   debug.log

no changes added to commit (use "git add" and/or "git commit -a")

Everything up-to-date
1647021554984
[main 6003f57] update
 1 file changed, 1 insertion(+), 1 deletion(-)

To github.com:edgecollective/wastewater-parse.git
   fdbb5fe..6003f57  main -> main
1647035954985
On branch main
Your branch is up to date with 'origin/main'.

Changes not staged for commit:
  (use "git add <file>..." to update what will be committed)
  (use "git restore <file>..." to discard changes in working directory)
	modified:   debug.log

no changes added to commit (use "git add" and/or "git commit -a")

Everything up-to-date
1647050354984
On branch main
Your branch is up to date with 'origin/main'.

Changes not staged for commit:
  (use "git add <file>..." to update what will be committed)
  (use "git restore <file>..." to discard changes in working directory)
	modified:   debug.log

no changes added to commit (use "git add" and/or "git commit -a")

Everything up-to-date
1647064754985
On branch main
Your branch is up to date with 'origin/main'.

Changes not staged for commit:
  (use "git add <file>..." to update what will be committed)
  (use "git restore <file>..." to discard changes in working directory)
	modified:   debug.log

no changes added to commit (use "git add" and/or "git commit -a")

Everything up-to-date
1647079154985
On branch main
Your branch is up to date with 'origin/main'.

Changes not staged for commit:
  (use "git add <file>..." to update what will be committed)
  (use "git restore <file>..." to discard changes in working directory)
	modified:   debug.log

no changes added to commit (use "git add" and/or "git commit -a")

Everything up-to-date
1647093554986
On branch main
Your branch is up to date with 'origin/main'.

Changes not staged for commit:
  (use "git add <file>..." to update what will be committed)
  (use "git restore <file>..." to discard changes in working directory)
	modified:   debug.log

no changes added to commit (use "git add" and/or "git commit -a")

Everything up-to-date
1647107954986
On branch main
Your branch is up to date with 'origin/main'.

Changes not staged for commit:
  (use "git add <file>..." to update what will be committed)
  (use "git restore <file>..." to discard changes in working directory)
	modified:   debug.log

no changes added to commit (use "git add" and/or "git commit -a")

Everything up-to-date
1647122354987
On branch main
Your branch is up to date with 'origin/main'.

Changes not staged for commit:
  (use "git add <file>..." to update what will be committed)
  (use "git restore <file>..." to discard changes in working directory)
	modified:   debug.log

no changes added to commit (use "git add" and/or "git commit -a")

Everything up-to-date
1647136754988
On branch main
Your branch is up to date with 'origin/main'.

Changes not staged for commit:
  (use "git add <file>..." to update what will be committed)
  (use "git restore <file>..." to discard changes in working directory)
	modified:   debug.log

no changes added to commit (use "git add" and/or "git commit -a")

Everything up-to-date
1647151154988
On branch main
Your branch is up to date with 'origin/main'.

Changes not staged for commit:
  (use "git add <file>..." to update what will be committed)
  (use "git restore <file>..." to discard changes in working directory)
	modified:   debug.log

no changes added to commit (use "git add" and/or "git commit -a")

Everything up-to-date
1647165554988
On branch main
Your branch is up to date with 'origin/main'.

Changes not staged for commit:
  (use "git add <file>..." to update what will be committed)
  (use "git restore <file>..." to discard changes in working directory)
	modified:   debug.log

no changes added to commit (use "git add" and/or "git commit -a")

Everything up-to-date
1647179954989
On branch main
Your branch is up to date with 'origin/main'.

Changes not staged for commit:
  (use "git add <file>..." to update what will be committed)
  (use "git restore <file>..." to discard changes in working directory)
	modified:   debug.log

no changes added to commit (use "git add" and/or "git commit -a")

Everything up-to-date
1647194354988
On branch main
Your branch is up to date with 'origin/main'.

Changes not staged for commit:
  (use "git add <file>..." to update what will be committed)
  (use "git restore <file>..." to discard changes in working directory)
	modified:   debug.log

no changes added to commit (use "git add" and/or "git commit -a")

Everything up-to-date
1647208754988
[main 52d7f24] update
 1 file changed, 1 insertion(+), 1 deletion(-)

To github.com:edgecollective/wastewater-parse.git
   6003f57..52d7f24  main -> main
1647223154988
On branch main
Your branch is up to date with 'origin/main'.

Changes not staged for commit:
  (use "git add <file>..." to update what will be committed)
  (use "git restore <file>..." to discard changes in working directory)
	modified:   debug.log

no changes added to commit (use "git add" and/or "git commit -a")

Everything up-to-date
1647237554988
On branch main
Your branch is up to date with 'origin/main'.

Changes not staged for commit:
  (use "git add <file>..." to update what will be committed)
  (use "git restore <file>..." to discard changes in working directory)
	modified:   debug.log

no changes added to commit (use "git add" and/or "git commit -a")

Everything up-to-date
1647251954989
On branch main
Your branch is up to date with 'origin/main'.

Changes not staged for commit:
  (use "git add <file>..." to update what will be committed)
  (use "git restore <file>..." to discard changes in working directory)
	modified:   debug.log

no changes added to commit (use "git add" and/or "git commit -a")

Everything up-to-date
1647266354990
On branch main
Your branch is up to date with 'origin/main'.

Changes not staged for commit:
  (use "git add <file>..." to update what will be committed)
  (use "git restore <file>..." to discard changes in working directory)
	modified:   debug.log

no changes added to commit (use "git add" and/or "git commit -a")

Everything up-to-date
1647280754990
On branch main
Your branch is up to date with 'origin/main'.

Changes not staged for commit:
  (use "git add <file>..." to update what will be committed)
  (use "git restore <file>..." to discard changes in working directory)
	modified:   debug.log

no changes added to commit (use "git add" and/or "git commit -a")

Everything up-to-date
1647295154991
On branch main
Your branch is up to date with 'origin/main'.

Changes not staged for commit:
  (use "git add <file>..." to update what will be committed)
  (use "git restore <file>..." to discard changes in working directory)
	modified:   debug.log

no changes added to commit (use "git add" and/or "git commit -a")

Everything up-to-date
1647309554992
On branch main
Your branch is up to date with 'origin/main'.

Changes not staged for commit:
  (use "git add <file>..." to update what will be committed)
  (use "git restore <file>..." to discard changes in working directory)
	modified:   debug.log

no changes added to commit (use "git add" and/or "git commit -a")

Everything up-to-date
1647323954992
On branch main
Your branch is up to date with 'origin/main'.

Changes not staged for commit:
  (use "git add <file>..." to update what will be committed)
  (use "git restore <file>..." to discard changes in working directory)
	modified:   debug.log

no changes added to commit (use "git add" and/or "git commit -a")

Everything up-to-date
1647338354992
On branch main
Your branch is up to date with 'origin/main'.

Changes not staged for commit:
  (use "git add <file>..." to update what will be committed)
  (use "git restore <file>..." to discard changes in working directory)
	modified:   debug.log

no changes added to commit (use "git add" and/or "git commit -a")

Everything up-to-date
1647352754992
On branch main
Your branch is up to date with 'origin/main'.

Changes not staged for commit:
  (use "git add <file>..." to update what will be committed)
  (use "git restore <file>..." to discard changes in working directory)
	modified:   debug.log

no changes added to commit (use "git add" and/or "git commit -a")

Everything up-to-date
1647367154992
On branch main
Your branch is up to date with 'origin/main'.

Changes not staged for commit:
  (use "git add <file>..." to update what will be committed)
  (use "git restore <file>..." to discard changes in working directory)
	modified:   debug.log

no changes added to commit (use "git add" and/or "git commit -a")

Everything up-to-date
1647381554992
[main 3d894d6] update
 1 file changed, 3 insertions(+), 3 deletions(-)

To github.com:edgecollective/wastewater-parse.git
   52d7f24..3d894d6  main -> main
1647395954992
On branch main
Your branch is up to date with 'origin/main'.

Changes not staged for commit:
  (use "git add <file>..." to update what will be committed)
  (use "git restore <file>..." to discard changes in working directory)
	modified:   debug.log

no changes added to commit (use "git add" and/or "git commit -a")

Everything up-to-date
1647410354992
On branch main
Your branch is up to date with 'origin/main'.

Changes not staged for commit:
  (use "git add <file>..." to update what will be committed)
  (use "git restore <file>..." to discard changes in working directory)
	modified:   debug.log

no changes added to commit (use "git add" and/or "git commit -a")

Everything up-to-date
1647424754993
On branch main
Your branch is up to date with 'origin/main'.

Changes not staged for commit:
  (use "git add <file>..." to update what will be committed)
  (use "git restore <file>..." to discard changes in working directory)
	modified:   debug.log

no changes added to commit (use "git add" and/or "git commit -a")

Everything up-to-date
1647439154993
On branch main
Your branch is up to date with 'origin/main'.

Changes not staged for commit:
  (use "git add <file>..." to update what will be committed)
  (use "git restore <file>..." to discard changes in working directory)
	modified:   debug.log

no changes added to commit (use "git add" and/or "git commit -a")

Everything up-to-date
1647453554994
On branch main
Your branch is up to date with 'origin/main'.

Changes not staged for commit:
  (use "git add <file>..." to update what will be committed)
  (use "git restore <file>..." to discard changes in working directory)
	modified:   debug.log

no changes added to commit (use "git add" and/or "git commit -a")

Everything up-to-date
1647467954993
[main 4dbe74e] update
 1 file changed, 1 insertion(+), 1 deletion(-)

To github.com:edgecollective/wastewater-parse.git
   3d894d6..4dbe74e  main -> main
1647482354993
On branch main
Your branch is up to date with 'origin/main'.

Changes not staged for commit:
  (use "git add <file>..." to update what will be committed)
  (use "git restore <file>..." to discard changes in working directory)
	modified:   debug.log

no changes added to commit (use "git add" and/or "git commit -a")

Everything up-to-date
1647496754994
On branch main
Your branch is up to date with 'origin/main'.

Changes not staged for commit:
  (use "git add <file>..." to update what will be committed)
  (use "git restore <file>..." to discard changes in working directory)
	modified:   debug.log

no changes added to commit (use "git add" and/or "git commit -a")

Everything up-to-date
1647511154994
On branch main
Your branch is up to date with 'origin/main'.

Changes not staged for commit:
  (use "git add <file>..." to update what will be committed)
  (use "git restore <file>..." to discard changes in working directory)
	modified:   debug.log

no changes added to commit (use "git add" and/or "git commit -a")

Everything up-to-date
1647525554994
On branch main
Your branch is up to date with 'origin/main'.

Changes not staged for commit:
  (use "git add <file>..." to update what will be committed)
  (use "git restore <file>..." to discard changes in working directory)
	modified:   debug.log

no changes added to commit (use "git add" and/or "git commit -a")

Everything up-to-date
1647539954994
On branch main
Your branch is up to date with 'origin/main'.

Changes not staged for commit:
  (use "git add <file>..." to update what will be committed)
  (use "git restore <file>..." to discard changes in working directory)
	modified:   debug.log

no changes added to commit (use "git add" and/or "git commit -a")

Everything up-to-date
1647554354995
[main 052b233] update
 1 file changed, 1 insertion(+), 1 deletion(-)

To github.com:edgecollective/wastewater-parse.git
   4dbe74e..052b233  main -> main
1647568754995
On branch main
Your branch is up to date with 'origin/main'.

Changes not staged for commit:
  (use "git add <file>..." to update what will be committed)
  (use "git restore <file>..." to discard changes in working directory)
	modified:   debug.log

no changes added to commit (use "git add" and/or "git commit -a")

Everything up-to-date
1647583154996
On branch main
Your branch is up to date with 'origin/main'.

Changes not staged for commit:
  (use "git add <file>..." to update what will be committed)
  (use "git restore <file>..." to discard changes in working directory)
	modified:   debug.log

no changes added to commit (use "git add" and/or "git commit -a")

Everything up-to-date
1647597554996
On branch main
Your branch is up to date with 'origin/main'.

Changes not staged for commit:
  (use "git add <file>..." to update what will be committed)
  (use "git restore <file>..." to discard changes in working directory)
	modified:   debug.log

no changes added to commit (use "git add" and/or "git commit -a")

Everything up-to-date
1647611954997
On branch main
Your branch is up to date with 'origin/main'.

Changes not staged for commit:
  (use "git add <file>..." to update what will be committed)
  (use "git restore <file>..." to discard changes in working directory)
	modified:   debug.log

no changes added to commit (use "git add" and/or "git commit -a")

Everything up-to-date
1647626354997
On branch main
Your branch is up to date with 'origin/main'.

Changes not staged for commit:
  (use "git add <file>..." to update what will be committed)
  (use "git restore <file>..." to discard changes in working directory)
	modified:   debug.log

no changes added to commit (use "git add" and/or "git commit -a")

Everything up-to-date
1647640754998
[main 969566e] update
 1 file changed, 1 insertion(+), 1 deletion(-)

To github.com:edgecollective/wastewater-parse.git
   052b233..969566e  main -> main
1647655154997
On branch main
Your branch is up to date with 'origin/main'.

Changes not staged for commit:
  (use "git add <file>..." to update what will be committed)
  (use "git restore <file>..." to discard changes in working directory)
	modified:   debug.log

no changes added to commit (use "git add" and/or "git commit -a")

Everything up-to-date
1647669554997
On branch main
Your branch is up to date with 'origin/main'.

Changes not staged for commit:
  (use "git add <file>..." to update what will be committed)
  (use "git restore <file>..." to discard changes in working directory)
	modified:   debug.log

no changes added to commit (use "git add" and/or "git commit -a")

Everything up-to-date
1647683954998
On branch main
Your branch is up to date with 'origin/main'.

Changes not staged for commit:
  (use "git add <file>..." to update what will be committed)
  (use "git restore <file>..." to discard changes in working directory)
	modified:   debug.log

no changes added to commit (use "git add" and/or "git commit -a")

Everything up-to-date
1647698354997
On branch main
Your branch is up to date with 'origin/main'.

Changes not staged for commit:
  (use "git add <file>..." to update what will be committed)
  (use "git restore <file>..." to discard changes in working directory)
	modified:   debug.log

no changes added to commit (use "git add" and/or "git commit -a")

Everything up-to-date
1647712754998
[main 31e8e53] update
 1 file changed, 1 insertion(+), 1 deletion(-)

To github.com:edgecollective/wastewater-parse.git
   969566e..31e8e53  main -> main
1647727154998
On branch main
Your branch is up to date with 'origin/main'.

Changes not staged for commit:
  (use "git add <file>..." to update what will be committed)
  (use "git restore <file>..." to discard changes in working directory)
	modified:   debug.log

no changes added to commit (use "git add" and/or "git commit -a")

Everything up-to-date
1647741554999
On branch main
Your branch is up to date with 'origin/main'.

Changes not staged for commit:
  (use "git add <file>..." to update what will be committed)
  (use "git restore <file>..." to discard changes in working directory)
	modified:   debug.log

no changes added to commit (use "git add" and/or "git commit -a")

Everything up-to-date
1647755955000
On branch main
Your branch is up to date with 'origin/main'.

Changes not staged for commit:
  (use "git add <file>..." to update what will be committed)
  (use "git restore <file>..." to discard changes in working directory)
	modified:   debug.log

no changes added to commit (use "git add" and/or "git commit -a")

Everything up-to-date
1647770355000
On branch main
Your branch is up to date with 'origin/main'.

Changes not staged for commit:
  (use "git add <file>..." to update what will be committed)
  (use "git restore <file>..." to discard changes in working directory)
	modified:   debug.log

no changes added to commit (use "git add" and/or "git commit -a")

Everything up-to-date
1647784755001
On branch main
Your branch is up to date with 'origin/main'.

Changes not staged for commit:
  (use "git add <file>..." to update what will be committed)
  (use "git restore <file>..." to discard changes in working directory)
	modified:   debug.log

no changes added to commit (use "git add" and/or "git commit -a")

Everything up-to-date
1647799155002
On branch main
Your branch is up to date with 'origin/main'.

Changes not staged for commit:
  (use "git add <file>..." to update what will be committed)
  (use "git restore <file>..." to discard changes in working directory)
	modified:   debug.log

no changes added to commit (use "git add" and/or "git commit -a")

Everything up-to-date
1647813555002
On branch main
Your branch is up to date with 'origin/main'.

Changes not staged for commit:
  (use "git add <file>..." to update what will be committed)
  (use "git restore <file>..." to discard changes in working directory)
	modified:   debug.log

no changes added to commit (use "git add" and/or "git commit -a")

Everything up-to-date
1647827955002
On branch main
Your branch is up to date with 'origin/main'.

Changes not staged for commit:
  (use "git add <file>..." to update what will be committed)
  (use "git restore <file>..." to discard changes in working directory)
	modified:   debug.log

no changes added to commit (use "git add" and/or "git commit -a")

Everything up-to-date
1647842355003
On branch main
Your branch is up to date with 'origin/main'.

Changes not staged for commit:
  (use "git add <file>..." to update what will be committed)
  (use "git restore <file>..." to discard changes in working directory)
	modified:   debug.log

no changes added to commit (use "git add" and/or "git commit -a")

Everything up-to-date
1647856755003
On branch main
Your branch is up to date with 'origin/main'.

Changes not staged for commit:
  (use "git add <file>..." to update what will be committed)
  (use "git restore <file>..." to discard changes in working directory)
	modified:   debug.log

no changes added to commit (use "git add" and/or "git commit -a")

Everything up-to-date
1647871155004
On branch main
Your branch is up to date with 'origin/main'.

Changes not staged for commit:
  (use "git add <file>..." to update what will be committed)
  (use "git restore <file>..." to discard changes in working directory)
	modified:   debug.log

no changes added to commit (use "git add" and/or "git commit -a")

Everything up-to-date
1647885555003
On branch main
Your branch is up to date with 'origin/main'.

Changes not staged for commit:
  (use "git add <file>..." to update what will be committed)
  (use "git restore <file>..." to discard changes in working directory)
	modified:   debug.log

no changes added to commit (use "git add" and/or "git commit -a")

Everything up-to-date
1647899955003
On branch main
Your branch is up to date with 'origin/main'.

Changes not staged for commit:
  (use "git add <file>..." to update what will be committed)
  (use "git restore <file>..." to discard changes in working directory)
	modified:   debug.log

no changes added to commit (use "git add" and/or "git commit -a")

Everything up-to-date
1647914355004
On branch main
Your branch is up to date with 'origin/main'.

Changes not staged for commit:
  (use "git add <file>..." to update what will be committed)
  (use "git restore <file>..." to discard changes in working directory)
	modified:   debug.log

no changes added to commit (use "git add" and/or "git commit -a")

Everything up-to-date
1647928755005
On branch main
Your branch is up to date with 'origin/main'.

Changes not staged for commit:
  (use "git add <file>..." to update what will be committed)
  (use "git restore <file>..." to discard changes in working directory)
	modified:   debug.log

no changes added to commit (use "git add" and/or "git commit -a")

Everything up-to-date
1647943155005
On branch main
Your branch is up to date with 'origin/main'.

Changes not staged for commit:
  (use "git add <file>..." to update what will be committed)
  (use "git restore <file>..." to discard changes in working directory)
	modified:   debug.log

no changes added to commit (use "git add" and/or "git commit -a")

Everything up-to-date
1647957555005
On branch main
Your branch is up to date with 'origin/main'.

Changes not staged for commit:
  (use "git add <file>..." to update what will be committed)
  (use "git restore <file>..." to discard changes in working directory)
	modified:   debug.log

no changes added to commit (use "git add" and/or "git commit -a")

Everything up-to-date
1647971955006
[main 95e1f5b] update
 1 file changed, 3 insertions(+), 1 deletion(-)

To github.com:edgecollective/wastewater-parse.git
   31e8e53..95e1f5b  main -> main
1647986355007
On branch main
Your branch is up to date with 'origin/main'.

Changes not staged for commit:
  (use "git add <file>..." to update what will be committed)
  (use "git restore <file>..." to discard changes in working directory)
	modified:   debug.log

no changes added to commit (use "git add" and/or "git commit -a")

Everything up-to-date
1648000755008
On branch main
Your branch is up to date with 'origin/main'.

Changes not staged for commit:
  (use "git add <file>..." to update what will be committed)
  (use "git restore <file>..." to discard changes in working directory)
	modified:   debug.log

no changes added to commit (use "git add" and/or "git commit -a")

Everything up-to-date
1648015155009
On branch main
Your branch is up to date with 'origin/main'.

Changes not staged for commit:
  (use "git add <file>..." to update what will be committed)
  (use "git restore <file>..." to discard changes in working directory)
	modified:   debug.log

no changes added to commit (use "git add" and/or "git commit -a")

Everything up-to-date
1648029555010
On branch main
Your branch is up to date with 'origin/main'.

Changes not staged for commit:
  (use "git add <file>..." to update what will be committed)
  (use "git restore <file>..." to discard changes in working directory)
	modified:   debug.log

no changes added to commit (use "git add" and/or "git commit -a")

Everything up-to-date
1648043955009
On branch main
Your branch is up to date with 'origin/main'.

Changes not staged for commit:
  (use "git add <file>..." to update what will be committed)
  (use "git restore <file>..." to discard changes in working directory)
	modified:   debug.log

no changes added to commit (use "git add" and/or "git commit -a")

Everything up-to-date
1648058355010
On branch main
Your branch is up to date with 'origin/main'.

Changes not staged for commit:
  (use "git add <file>..." to update what will be committed)
  (use "git restore <file>..." to discard changes in working directory)
	modified:   debug.log

no changes added to commit (use "git add" and/or "git commit -a")

Everything up-to-date
1648072755011
[main fecec33] update
 1 file changed, 1 insertion(+)

To github.com:edgecollective/wastewater-parse.git
   95e1f5b..fecec33  main -> main
1648087155010
On branch main
Your branch is up to date with 'origin/main'.

Changes not staged for commit:
  (use "git add <file>..." to update what will be committed)
  (use "git restore <file>..." to discard changes in working directory)
	modified:   debug.log

no changes added to commit (use "git add" and/or "git commit -a")

Everything up-to-date
1648101555011
On branch main
Your branch is up to date with 'origin/main'.

Changes not staged for commit:
  (use "git add <file>..." to update what will be committed)
  (use "git restore <file>..." to discard changes in working directory)
	modified:   debug.log

no changes added to commit (use "git add" and/or "git commit -a")

Everything up-to-date
1648115955010
On branch main
Your branch is up to date with 'origin/main'.

Changes not staged for commit:
  (use "git add <file>..." to update what will be committed)
  (use "git restore <file>..." to discard changes in working directory)
	modified:   debug.log

no changes added to commit (use "git add" and/or "git commit -a")

Everything up-to-date
1648130355010
On branch main
Your branch is up to date with 'origin/main'.

Changes not staged for commit:
  (use "git add <file>..." to update what will be committed)
  (use "git restore <file>..." to discard changes in working directory)
	modified:   debug.log

no changes added to commit (use "git add" and/or "git commit -a")

Everything up-to-date
1648144755011
On branch main
Your branch is up to date with 'origin/main'.

Changes not staged for commit:
  (use "git add <file>..." to update what will be committed)
  (use "git restore <file>..." to discard changes in working directory)
	modified:   debug.log

no changes added to commit (use "git add" and/or "git commit -a")

Everything up-to-date
1648159155012
[main 6ad9542] update
 1 file changed, 1 insertion(+)

To github.com:edgecollective/wastewater-parse.git
   fecec33..6ad9542  main -> main
1648173555012
On branch main
Your branch is up to date with 'origin/main'.

Changes not staged for commit:
  (use "git add <file>..." to update what will be committed)
  (use "git restore <file>..." to discard changes in working directory)
	modified:   debug.log

no changes added to commit (use "git add" and/or "git commit -a")

Everything up-to-date
1648187955013
On branch main
Your branch is up to date with 'origin/main'.

Changes not staged for commit:
  (use "git add <file>..." to update what will be committed)
  (use "git restore <file>..." to discard changes in working directory)
	modified:   debug.log

no changes added to commit (use "git add" and/or "git commit -a")

Everything up-to-date
1648202355012
On branch main
Your branch is up to date with 'origin/main'.

Changes not staged for commit:
  (use "git add <file>..." to update what will be committed)
  (use "git restore <file>..." to discard changes in working directory)
	modified:   debug.log

no changes added to commit (use "git add" and/or "git commit -a")

Everything up-to-date
1648216755012
On branch main
Your branch is up to date with 'origin/main'.

Changes not staged for commit:
  (use "git add <file>..." to update what will be committed)
  (use "git restore <file>..." to discard changes in working directory)
	modified:   debug.log

no changes added to commit (use "git add" and/or "git commit -a")

Everything up-to-date
1648231155013
On branch main
Your branch is up to date with 'origin/main'.

Changes not staged for commit:
  (use "git add <file>..." to update what will be committed)
  (use "git restore <file>..." to discard changes in working directory)
	modified:   debug.log

no changes added to commit (use "git add" and/or "git commit -a")

Everything up-to-date
1648245555012
[main 6acac13] update
 1 file changed, 1 insertion(+)

To github.com:edgecollective/wastewater-parse.git
   6ad9542..6acac13  main -> main
1648259955012
On branch main
Your branch is up to date with 'origin/main'.

Changes not staged for commit:
  (use "git add <file>..." to update what will be committed)
  (use "git restore <file>..." to discard changes in working directory)
	modified:   debug.log

no changes added to commit (use "git add" and/or "git commit -a")

Everything up-to-date
1648274355013
On branch main
Your branch is up to date with 'origin/main'.

Changes not staged for commit:
  (use "git add <file>..." to update what will be committed)
  (use "git restore <file>..." to discard changes in working directory)
	modified:   debug.log

no changes added to commit (use "git add" and/or "git commit -a")

Everything up-to-date
1648288755013
On branch main
Your branch is up to date with 'origin/main'.

Changes not staged for commit:
  (use "git add <file>..." to update what will be committed)
  (use "git restore <file>..." to discard changes in working directory)
	modified:   debug.log

no changes added to commit (use "git add" and/or "git commit -a")

Everything up-to-date
1648303155013
On branch main
Your branch is up to date with 'origin/main'.

Changes not staged for commit:
  (use "git add <file>..." to update what will be committed)
  (use "git restore <file>..." to discard changes in working directory)
	modified:   debug.log

no changes added to commit (use "git add" and/or "git commit -a")

Everything up-to-date
1648317555014
On branch main
Your branch is up to date with 'origin/main'.

Changes not staged for commit:
  (use "git add <file>..." to update what will be committed)
  (use "git restore <file>..." to discard changes in working directory)
	modified:   debug.log

no changes added to commit (use "git add" and/or "git commit -a")

Everything up-to-date
1648331955014
On branch main
Your branch is up to date with 'origin/main'.

Changes not staged for commit:
  (use "git add <file>..." to update what will be committed)
  (use "git restore <file>..." to discard changes in working directory)
	modified:   debug.log

no changes added to commit (use "git add" and/or "git commit -a")

Everything up-to-date
1648346355015
On branch main
Your branch is up to date with 'origin/main'.

Changes not staged for commit:
  (use "git add <file>..." to update what will be committed)
  (use "git restore <file>..." to discard changes in working directory)
	modified:   debug.log

no changes added to commit (use "git add" and/or "git commit -a")

Everything up-to-date
1648360755015
On branch main
Your branch is up to date with 'origin/main'.

Changes not staged for commit:
  (use "git add <file>..." to update what will be committed)
  (use "git restore <file>..." to discard changes in working directory)
	modified:   debug.log

no changes added to commit (use "git add" and/or "git commit -a")

Everything up-to-date
1648375155015
On branch main
Your branch is up to date with 'origin/main'.

Changes not staged for commit:
  (use "git add <file>..." to update what will be committed)
  (use "git restore <file>..." to discard changes in working directory)
	modified:   debug.log

no changes added to commit (use "git add" and/or "git commit -a")

Everything up-to-date
1648389555015
On branch main
Your branch is up to date with 'origin/main'.

Changes not staged for commit:
  (use "git add <file>..." to update what will be committed)
  (use "git restore <file>..." to discard changes in working directory)
	modified:   debug.log

no changes added to commit (use "git add" and/or "git commit -a")

Everything up-to-date
1648403955015
On branch main
Your branch is up to date with 'origin/main'.

Changes not staged for commit:
  (use "git add <file>..." to update what will be committed)
  (use "git restore <file>..." to discard changes in working directory)
	modified:   debug.log

no changes added to commit (use "git add" and/or "git commit -a")

Everything up-to-date
1648418355016
On branch main
Your branch is up to date with 'origin/main'.

Changes not staged for commit:
  (use "git add <file>..." to update what will be committed)
  (use "git restore <file>..." to discard changes in working directory)
	modified:   debug.log

no changes added to commit (use "git add" and/or "git commit -a")

Everything up-to-date
1648432755016
On branch main
Your branch is up to date with 'origin/main'.

Changes not staged for commit:
  (use "git add <file>..." to update what will be committed)
  (use "git restore <file>..." to discard changes in working directory)
	modified:   debug.log

no changes added to commit (use "git add" and/or "git commit -a")

Everything up-to-date
1648447155017
On branch main
Your branch is up to date with 'origin/main'.

Changes not staged for commit:
  (use "git add <file>..." to update what will be committed)
  (use "git restore <file>..." to discard changes in working directory)
	modified:   debug.log

no changes added to commit (use "git add" and/or "git commit -a")

Everything up-to-date
1648461555017
On branch main
Your branch is up to date with 'origin/main'.

Changes not staged for commit:
  (use "git add <file>..." to update what will be committed)
  (use "git restore <file>..." to discard changes in working directory)
	modified:   debug.log

no changes added to commit (use "git add" and/or "git commit -a")

Everything up-to-date
1648475955018
On branch main
Your branch is up to date with 'origin/main'.

Changes not staged for commit:
  (use "git add <file>..." to update what will be committed)
  (use "git restore <file>..." to discard changes in working directory)
	modified:   debug.log

no changes added to commit (use "git add" and/or "git commit -a")

Everything up-to-date
1648490355019
On branch main
Your branch is up to date with 'origin/main'.

Changes not staged for commit:
  (use "git add <file>..." to update what will be committed)
  (use "git restore <file>..." to discard changes in working directory)
	modified:   debug.log

no changes added to commit (use "git add" and/or "git commit -a")

Everything up-to-date
1648504755018
[main df4c4b0] update
 1 file changed, 1 insertion(+)

To github.com:edgecollective/wastewater-parse.git
   6acac13..df4c4b0  main -> main
1648519155019
On branch main
Your branch is up to date with 'origin/main'.

Changes not staged for commit:
  (use "git add <file>..." to update what will be committed)
  (use "git restore <file>..." to discard changes in working directory)
	modified:   debug.log

no changes added to commit (use "git add" and/or "git commit -a")

Everything up-to-date
1648533555020
On branch main
Your branch is up to date with 'origin/main'.

Changes not staged for commit:
  (use "git add <file>..." to update what will be committed)
  (use "git restore <file>..." to discard changes in working directory)
	modified:   debug.log

no changes added to commit (use "git add" and/or "git commit -a")

Everything up-to-date
1648547955020
On branch main
Your branch is up to date with 'origin/main'.

Changes not staged for commit:
  (use "git add <file>..." to update what will be committed)
  (use "git restore <file>..." to discard changes in working directory)
	modified:   debug.log

no changes added to commit (use "git add" and/or "git commit -a")

Everything up-to-date
1648562355021
On branch main
Your branch is up to date with 'origin/main'.

Changes not staged for commit:
  (use "git add <file>..." to update what will be committed)
  (use "git restore <file>..." to discard changes in working directory)
	modified:   debug.log

no changes added to commit (use "git add" and/or "git commit -a")

Everything up-to-date
1648576755022
[main defd35c] update
 1 file changed, 1 insertion(+)

To github.com:edgecollective/wastewater-parse.git
   df4c4b0..defd35c  main -> main
1648591155022
On branch main
Your branch is up to date with 'origin/main'.

Changes not staged for commit:
  (use "git add <file>..." to update what will be committed)
  (use "git restore <file>..." to discard changes in working directory)
	modified:   debug.log

no changes added to commit (use "git add" and/or "git commit -a")

Everything up-to-date
1648605555021
On branch main
Your branch is up to date with 'origin/main'.

Changes not staged for commit:
  (use "git add <file>..." to update what will be committed)
  (use "git restore <file>..." to discard changes in working directory)
	modified:   debug.log

no changes added to commit (use "git add" and/or "git commit -a")

Everything up-to-date
1648619955022
On branch main
Your branch is up to date with 'origin/main'.

Changes not staged for commit:
  (use "git add <file>..." to update what will be committed)
  (use "git restore <file>..." to discard changes in working directory)
	modified:   debug.log

no changes added to commit (use "git add" and/or "git commit -a")

Everything up-to-date
1648634355022
On branch main
Your branch is up to date with 'origin/main'.

Changes not staged for commit:
  (use "git add <file>..." to update what will be committed)
  (use "git restore <file>..." to discard changes in working directory)
	modified:   debug.log

no changes added to commit (use "git add" and/or "git commit -a")

Everything up-to-date
1648648755022
On branch main
Your branch is up to date with 'origin/main'.

Changes not staged for commit:
  (use "git add <file>..." to update what will be committed)
  (use "git restore <file>..." to discard changes in working directory)
	modified:   debug.log

no changes added to commit (use "git add" and/or "git commit -a")

Everything up-to-date
1648663155021
[main 1d6afe8] update
 1 file changed, 2 insertions(+)

To github.com:edgecollective/wastewater-parse.git
   defd35c..1d6afe8  main -> main
1648677555021
[main 919f0fb] update
 1 file changed, 1 insertion(+)

To github.com:edgecollective/wastewater-parse.git
   1d6afe8..919f0fb  main -> main
1648691955021
On branch main
Your branch is up to date with 'origin/main'.

Changes not staged for commit:
  (use "git add <file>..." to update what will be committed)
  (use "git restore <file>..." to discard changes in working directory)
	modified:   debug.log

no changes added to commit (use "git add" and/or "git commit -a")

Everything up-to-date
1648706355022
On branch main
Your branch is up to date with 'origin/main'.

Changes not staged for commit:
  (use "git add <file>..." to update what will be committed)
  (use "git restore <file>..." to discard changes in working directory)
	modified:   debug.log

no changes added to commit (use "git add" and/or "git commit -a")

Everything up-to-date
1648720755022
On branch main
Your branch is up to date with 'origin/main'.

Changes not staged for commit:
  (use "git add <file>..." to update what will be committed)
  (use "git restore <file>..." to discard changes in working directory)
	modified:   debug.log

no changes added to commit (use "git add" and/or "git commit -a")

Everything up-to-date
1648735155024
On branch main
Your branch is up to date with 'origin/main'.

Changes not staged for commit:
  (use "git add <file>..." to update what will be committed)
  (use "git restore <file>..." to discard changes in working directory)
	modified:   debug.log

no changes added to commit (use "git add" and/or "git commit -a")

Everything up-to-date
1648749555023
On branch main
Your branch is up to date with 'origin/main'.

Changes not staged for commit:
  (use "git add <file>..." to update what will be committed)
  (use "git restore <file>..." to discard changes in working directory)
	modified:   debug.log

no changes added to commit (use "git add" and/or "git commit -a")

Everything up-to-date
1648763955023
[main e1ad281] update
 1 file changed, 1 insertion(+)

To github.com:edgecollective/wastewater-parse.git
   919f0fb..e1ad281  main -> main
1648778355024
On branch main
Your branch is up to date with 'origin/main'.

Changes not staged for commit:
  (use "git add <file>..." to update what will be committed)
  (use "git restore <file>..." to discard changes in working directory)
	modified:   debug.log

no changes added to commit (use "git add" and/or "git commit -a")

Everything up-to-date
1648792755025
On branch main
Your branch is up to date with 'origin/main'.

Changes not staged for commit:
  (use "git add <file>..." to update what will be committed)
  (use "git restore <file>..." to discard changes in working directory)
	modified:   debug.log

no changes added to commit (use "git add" and/or "git commit -a")

Everything up-to-date
1648807155025
On branch main
Your branch is up to date with 'origin/main'.

Changes not staged for commit:
  (use "git add <file>..." to update what will be committed)
  (use "git restore <file>..." to discard changes in working directory)
	modified:   debug.log

no changes added to commit (use "git add" and/or "git commit -a")

Everything up-to-date
1648821555026
On branch main
Your branch is up to date with 'origin/main'.

Changes not staged for commit:
  (use "git add <file>..." to update what will be committed)
  (use "git restore <file>..." to discard changes in working directory)
	modified:   debug.log

no changes added to commit (use "git add" and/or "git commit -a")

Everything up-to-date
1648835955027
On branch main
Your branch is up to date with 'origin/main'.

Changes not staged for commit:
  (use "git add <file>..." to update what will be committed)
  (use "git restore <file>..." to discard changes in working directory)
	modified:   debug.log

no changes added to commit (use "git add" and/or "git commit -a")

Everything up-to-date
1648850355027
[main 6ae7481] update
 1 file changed, 1 insertion(+)

To github.com:edgecollective/wastewater-parse.git
   e1ad281..6ae7481  main -> main
1648864755028
On branch main
Your branch is up to date with 'origin/main'.

Changes not staged for commit:
  (use "git add <file>..." to update what will be committed)
  (use "git restore <file>..." to discard changes in working directory)
	modified:   debug.log

no changes added to commit (use "git add" and/or "git commit -a")

Everything up-to-date
1648879155029
On branch main
Your branch is up to date with 'origin/main'.

Changes not staged for commit:
  (use "git add <file>..." to update what will be committed)
  (use "git restore <file>..." to discard changes in working directory)
	modified:   debug.log

no changes added to commit (use "git add" and/or "git commit -a")

Everything up-to-date
1648893555029
On branch main
Your branch is up to date with 'origin/main'.

Changes not staged for commit:
  (use "git add <file>..." to update what will be committed)
  (use "git restore <file>..." to discard changes in working directory)
	modified:   debug.log

no changes added to commit (use "git add" and/or "git commit -a")

Everything up-to-date
1648907955029
On branch main
Your branch is up to date with 'origin/main'.

Changes not staged for commit:
  (use "git add <file>..." to update what will be committed)
  (use "git restore <file>..." to discard changes in working directory)
	modified:   debug.log

no changes added to commit (use "git add" and/or "git commit -a")

Everything up-to-date
1648922355029
On branch main
Your branch is up to date with 'origin/main'.

Changes not staged for commit:
  (use "git add <file>..." to update what will be committed)
  (use "git restore <file>..." to discard changes in working directory)
	modified:   debug.log

no changes added to commit (use "git add" and/or "git commit -a")

Everything up-to-date
1648936755030
[main 101a898] update
 1 file changed, 1 insertion(+)

To github.com:edgecollective/wastewater-parse.git
   6ae7481..101a898  main -> main
1648951155031
On branch main
Your branch is up to date with 'origin/main'.

Changes not staged for commit:
  (use "git add <file>..." to update what will be committed)
  (use "git restore <file>..." to discard changes in working directory)
	modified:   debug.log

no changes added to commit (use "git add" and/or "git commit -a")

Everything up-to-date
1648965555032
On branch main
Your branch is up to date with 'origin/main'.

Changes not staged for commit:
  (use "git add <file>..." to update what will be committed)
  (use "git restore <file>..." to discard changes in working directory)
	modified:   debug.log

no changes added to commit (use "git add" and/or "git commit -a")

Everything up-to-date
1648979955032
On branch main
Your branch is up to date with 'origin/main'.

Changes not staged for commit:
  (use "git add <file>..." to update what will be committed)
  (use "git restore <file>..." to discard changes in working directory)
	modified:   debug.log

no changes added to commit (use "git add" and/or "git commit -a")

Everything up-to-date
1648994355031
On branch main
Your branch is up to date with 'origin/main'.

Changes not staged for commit:
  (use "git add <file>..." to update what will be committed)
  (use "git restore <file>..." to discard changes in working directory)
	modified:   debug.log

no changes added to commit (use "git add" and/or "git commit -a")

Everything up-to-date
1649008755031
On branch main
Your branch is up to date with 'origin/main'.

Changes not staged for commit:
  (use "git add <file>..." to update what will be committed)
  (use "git restore <file>..." to discard changes in working directory)
	modified:   debug.log

no changes added to commit (use "git add" and/or "git commit -a")

Everything up-to-date
1649023155031
On branch main
Your branch is up to date with 'origin/main'.

Changes not staged for commit:
  (use "git add <file>..." to update what will be committed)
  (use "git restore <file>..." to discard changes in working directory)
	modified:   debug.log

no changes added to commit (use "git add" and/or "git commit -a")

Everything up-to-date
1649037555032
On branch main
Your branch is up to date with 'origin/main'.

Changes not staged for commit:
  (use "git add <file>..." to update what will be committed)
  (use "git restore <file>..." to discard changes in working directory)
	modified:   debug.log

no changes added to commit (use "git add" and/or "git commit -a")

Everything up-to-date
1649051955031
On branch main
Your branch is up to date with 'origin/main'.

Changes not staged for commit:
  (use "git add <file>..." to update what will be committed)
  (use "git restore <file>..." to discard changes in working directory)
	modified:   debug.log

no changes added to commit (use "git add" and/or "git commit -a")

Everything up-to-date
1649066355031
On branch main
Your branch is up to date with 'origin/main'.

Changes not staged for commit:
  (use "git add <file>..." to update what will be committed)
  (use "git restore <file>..." to discard changes in working directory)
	modified:   debug.log

no changes added to commit (use "git add" and/or "git commit -a")

Everything up-to-date
1649080755031
On branch main
Your branch is up to date with 'origin/main'.

Changes not staged for commit:
  (use "git add <file>..." to update what will be committed)
  (use "git restore <file>..." to discard changes in working directory)
	modified:   debug.log

no changes added to commit (use "git add" and/or "git commit -a")

Everything up-to-date
1649095155032
On branch main
Your branch is up to date with 'origin/main'.

Changes not staged for commit:
  (use "git add <file>..." to update what will be committed)
  (use "git restore <file>..." to discard changes in working directory)
	modified:   debug.log

no changes added to commit (use "git add" and/or "git commit -a")

Everything up-to-date
1649109555032
On branch main
Your branch is up to date with 'origin/main'.

Changes not staged for commit:
  (use "git add <file>..." to update what will be committed)
  (use "git restore <file>..." to discard changes in working directory)
	modified:   debug.log

no changes added to commit (use "git add" and/or "git commit -a")

Everything up-to-date
1649123955032
On branch main
Your branch is up to date with 'origin/main'.

Changes not staged for commit:
  (use "git add <file>..." to update what will be committed)
  (use "git restore <file>..." to discard changes in working directory)
	modified:   debug.log

no changes added to commit (use "git add" and/or "git commit -a")

Everything up-to-date
1649138355032
On branch main
Your branch is up to date with 'origin/main'.

Changes not staged for commit:
  (use "git add <file>..." to update what will be committed)
  (use "git restore <file>..." to discard changes in working directory)
	modified:   debug.log

no changes added to commit (use "git add" and/or "git commit -a")

Everything up-to-date
1649152755032
On branch main
Your branch is up to date with 'origin/main'.

Changes not staged for commit:
  (use "git add <file>..." to update what will be committed)
  (use "git restore <file>..." to discard changes in working directory)
	modified:   debug.log

no changes added to commit (use "git add" and/or "git commit -a")

Everything up-to-date
1649167155033
On branch main
Your branch is up to date with 'origin/main'.

Changes not staged for commit:
  (use "git add <file>..." to update what will be committed)
  (use "git restore <file>..." to discard changes in working directory)
	modified:   debug.log

no changes added to commit (use "git add" and/or "git commit -a")

Everything up-to-date
1649181555033
[main 7353596] update
 1 file changed, 3 insertions(+)

To github.com:edgecollective/wastewater-parse.git
   101a898..7353596  main -> main
1649195955033
On branch main
Your branch is up to date with 'origin/main'.

Changes not staged for commit:
  (use "git add <file>..." to update what will be committed)
  (use "git restore <file>..." to discard changes in working directory)
	modified:   debug.log

no changes added to commit (use "git add" and/or "git commit -a")

Everything up-to-date
1649210355034
On branch main
Your branch is up to date with 'origin/main'.

Changes not staged for commit:
  (use "git add <file>..." to update what will be committed)
  (use "git restore <file>..." to discard changes in working directory)
	modified:   debug.log

no changes added to commit (use "git add" and/or "git commit -a")

Everything up-to-date
1649224755035
On branch main
Your branch is up to date with 'origin/main'.

Changes not staged for commit:
  (use "git add <file>..." to update what will be committed)
  (use "git restore <file>..." to discard changes in working directory)
	modified:   debug.log

no changes added to commit (use "git add" and/or "git commit -a")

Everything up-to-date
1649239155035
On branch main
Your branch is up to date with 'origin/main'.

Changes not staged for commit:
  (use "git add <file>..." to update what will be committed)
  (use "git restore <file>..." to discard changes in working directory)
	modified:   debug.log

no changes added to commit (use "git add" and/or "git commit -a")

Everything up-to-date
1649253555036
On branch main
Your branch is up to date with 'origin/main'.

Changes not staged for commit:
  (use "git add <file>..." to update what will be committed)
  (use "git restore <file>..." to discard changes in working directory)
	modified:   debug.log

no changes added to commit (use "git add" and/or "git commit -a")

Everything up-to-date
1649267955035
On branch main
Your branch is up to date with 'origin/main'.

Changes not staged for commit:
  (use "git add <file>..." to update what will be committed)
  (use "git restore <file>..." to discard changes in working directory)
	modified:   debug.log

no changes added to commit (use "git add" and/or "git commit -a")

Everything up-to-date
1649282355036
[main 9b9a55a] update
 1 file changed, 1 insertion(+)

To github.com:edgecollective/wastewater-parse.git
   7353596..9b9a55a  main -> main
1649296755037
On branch main
Your branch is up to date with 'origin/main'.

Changes not staged for commit:
  (use "git add <file>..." to update what will be committed)
  (use "git restore <file>..." to discard changes in working directory)
	modified:   debug.log

no changes added to commit (use "git add" and/or "git commit -a")

Everything up-to-date
1649311155036
On branch main
Your branch is up to date with 'origin/main'.

Changes not staged for commit:
  (use "git add <file>..." to update what will be committed)
  (use "git restore <file>..." to discard changes in working directory)
	modified:   debug.log

no changes added to commit (use "git add" and/or "git commit -a")

Everything up-to-date
1649325555037
On branch main
Your branch is up to date with 'origin/main'.

Changes not staged for commit:
  (use "git add <file>..." to update what will be committed)
  (use "git restore <file>..." to discard changes in working directory)
	modified:   debug.log

no changes added to commit (use "git add" and/or "git commit -a")

Everything up-to-date
1649339955038
On branch main
Your branch is up to date with 'origin/main'.

Changes not staged for commit:
  (use "git add <file>..." to update what will be committed)
  (use "git restore <file>..." to discard changes in working directory)
	modified:   debug.log

no changes added to commit (use "git add" and/or "git commit -a")

Everything up-to-date
1649354355037
On branch main
Your branch is up to date with 'origin/main'.

Changes not staged for commit:
  (use "git add <file>..." to update what will be committed)
  (use "git restore <file>..." to discard changes in working directory)
	modified:   debug.log

no changes added to commit (use "git add" and/or "git commit -a")

Everything up-to-date
1649368755037
On branch main
Your branch is up to date with 'origin/main'.

Changes not staged for commit:
  (use "git add <file>..." to update what will be committed)
  (use "git restore <file>..." to discard changes in working directory)
	modified:   debug.log

no changes added to commit (use "git add" and/or "git commit -a")

Everything up-to-date
1649383155037
On branch main
Your branch is up to date with 'origin/main'.

Changes not staged for commit:
  (use "git add <file>..." to update what will be committed)
  (use "git restore <file>..." to discard changes in working directory)
	modified:   debug.log

no changes added to commit (use "git add" and/or "git commit -a")

Everything up-to-date
1649397555038
On branch main
Your branch is up to date with 'origin/main'.

Changes not staged for commit:
  (use "git add <file>..." to update what will be committed)
  (use "git restore <file>..." to discard changes in working directory)
	modified:   debug.log

no changes added to commit (use "git add" and/or "git commit -a")

Everything up-to-date
1649411955037
On branch main
Your branch is up to date with 'origin/main'.

Changes not staged for commit:
  (use "git add <file>..." to update what will be committed)
  (use "git restore <file>..." to discard changes in working directory)
	modified:   debug.log

no changes added to commit (use "git add" and/or "git commit -a")

Everything up-to-date
1649426355038
On branch main
Your branch is up to date with 'origin/main'.

Changes not staged for commit:
  (use "git add <file>..." to update what will be committed)
  (use "git restore <file>..." to discard changes in working directory)
	modified:   debug.log

no changes added to commit (use "git add" and/or "git commit -a")

Everything up-to-date
1649440755039
[main 3e389a8] update
 1 file changed, 2 insertions(+)

To github.com:edgecollective/wastewater-parse.git
   9b9a55a..3e389a8  main -> main
1649455155039
On branch main
Your branch is up to date with 'origin/main'.

Changes not staged for commit:
  (use "git add <file>..." to update what will be committed)
  (use "git restore <file>..." to discard changes in working directory)
	modified:   debug.log

no changes added to commit (use "git add" and/or "git commit -a")

Everything up-to-date
1649469555039
On branch main
Your branch is up to date with 'origin/main'.

Changes not staged for commit:
  (use "git add <file>..." to update what will be committed)
  (use "git restore <file>..." to discard changes in working directory)
	modified:   debug.log

no changes added to commit (use "git add" and/or "git commit -a")

Everything up-to-date
1649483955040
On branch main
Your branch is up to date with 'origin/main'.

Changes not staged for commit:
  (use "git add <file>..." to update what will be committed)
  (use "git restore <file>..." to discard changes in working directory)
	modified:   debug.log

no changes added to commit (use "git add" and/or "git commit -a")

Everything up-to-date
1649498355040
On branch main
Your branch is up to date with 'origin/main'.

Changes not staged for commit:
  (use "git add <file>..." to update what will be committed)
  (use "git restore <file>..." to discard changes in working directory)
	modified:   debug.log

no changes added to commit (use "git add" and/or "git commit -a")

Everything up-to-date
1649512755041
On branch main
Your branch is up to date with 'origin/main'.

Changes not staged for commit:
  (use "git add <file>..." to update what will be committed)
  (use "git restore <file>..." to discard changes in working directory)
	modified:   debug.log

no changes added to commit (use "git add" and/or "git commit -a")

Everything up-to-date
1649527155042
On branch main
Your branch is up to date with 'origin/main'.

Changes not staged for commit:
  (use "git add <file>..." to update what will be committed)
  (use "git restore <file>..." to discard changes in working directory)
	modified:   debug.log

no changes added to commit (use "git add" and/or "git commit -a")

Everything up-to-date
1649541555043
[main bcb816c] update
 1 file changed, 1 insertion(+)

To github.com:edgecollective/wastewater-parse.git
   141a456..bcb816c  main -> main
1649555955044
On branch main
Your branch is up to date with 'origin/main'.

Changes not staged for commit:
  (use "git add <file>..." to update what will be committed)
  (use "git restore <file>..." to discard changes in working directory)
	modified:   debug.log

no changes added to commit (use "git add" and/or "git commit -a")

Everything up-to-date
1649570355044
On branch main
Your branch is up to date with 'origin/main'.

Changes not staged for commit:
  (use "git add <file>..." to update what will be committed)
  (use "git restore <file>..." to discard changes in working directory)
	modified:   debug.log

no changes added to commit (use "git add" and/or "git commit -a")

Everything up-to-date
1649584755044
On branch main
Your branch is up to date with 'origin/main'.

Changes not staged for commit:
  (use "git add <file>..." to update what will be committed)
  (use "git restore <file>..." to discard changes in working directory)
	modified:   debug.log

no changes added to commit (use "git add" and/or "git commit -a")

Everything up-to-date
1649599155044
On branch main
Your branch is up to date with 'origin/main'.

Changes not staged for commit:
  (use "git add <file>..." to update what will be committed)
  (use "git restore <file>..." to discard changes in working directory)
	modified:   debug.log

no changes added to commit (use "git add" and/or "git commit -a")

Everything up-to-date
1649613555044
On branch main
Your branch is up to date with 'origin/main'.

Changes not staged for commit:
  (use "git add <file>..." to update what will be committed)
  (use "git restore <file>..." to discard changes in working directory)
	modified:   debug.log

no changes added to commit (use "git add" and/or "git commit -a")

Everything up-to-date
1649627955044
On branch main
Your branch is up to date with 'origin/main'.

Changes not staged for commit:
  (use "git add <file>..." to update what will be committed)
  (use "git restore <file>..." to discard changes in working directory)
	modified:   debug.log

no changes added to commit (use "git add" and/or "git commit -a")

Everything up-to-date
1649642355044
On branch main
Your branch is up to date with 'origin/main'.

Changes not staged for commit:
  (use "git add <file>..." to update what will be committed)
  (use "git restore <file>..." to discard changes in working directory)
	modified:   debug.log

no changes added to commit (use "git add" and/or "git commit -a")

Everything up-to-date
1649656755044
On branch main
Your branch is up to date with 'origin/main'.

Changes not staged for commit:
  (use "git add <file>..." to update what will be committed)
  (use "git restore <file>..." to discard changes in working directory)
	modified:   debug.log

no changes added to commit (use "git add" and/or "git commit -a")

Everything up-to-date
1649671155045
On branch main
Your branch is up to date with 'origin/main'.

Changes not staged for commit:
  (use "git add <file>..." to update what will be committed)
  (use "git restore <file>..." to discard changes in working directory)
	modified:   debug.log

no changes added to commit (use "git add" and/or "git commit -a")

Everything up-to-date
1649685555045
On branch main
Your branch is up to date with 'origin/main'.

Changes not staged for commit:
  (use "git add <file>..." to update what will be committed)
  (use "git restore <file>..." to discard changes in working directory)
	modified:   debug.log

no changes added to commit (use "git add" and/or "git commit -a")

Everything up-to-date
1649699955046
On branch main
Your branch is up to date with 'origin/main'.

Changes not staged for commit:
  (use "git add <file>..." to update what will be committed)
  (use "git restore <file>..." to discard changes in working directory)
	modified:   debug.log

no changes added to commit (use "git add" and/or "git commit -a")

Everything up-to-date
1649714355046
On branch main
Your branch is up to date with 'origin/main'.

Changes not staged for commit:
  (use "git add <file>..." to update what will be committed)
  (use "git restore <file>..." to discard changes in working directory)
	modified:   debug.log

no changes added to commit (use "git add" and/or "git commit -a")

Everything up-to-date
1649728755045
On branch main
Your branch is up to date with 'origin/main'.

Changes not staged for commit:
  (use "git add <file>..." to update what will be committed)
  (use "git restore <file>..." to discard changes in working directory)
	modified:   debug.log

no changes added to commit (use "git add" and/or "git commit -a")

Everything up-to-date
1649743155045
On branch main
Your branch is up to date with 'origin/main'.

Changes not staged for commit:
  (use "git add <file>..." to update what will be committed)
  (use "git restore <file>..." to discard changes in working directory)
	modified:   debug.log

no changes added to commit (use "git add" and/or "git commit -a")

Everything up-to-date
1649757555046
On branch main
Your branch is up to date with 'origin/main'.

Changes not staged for commit:
  (use "git add <file>..." to update what will be committed)
  (use "git restore <file>..." to discard changes in working directory)
	modified:   debug.log

no changes added to commit (use "git add" and/or "git commit -a")

Everything up-to-date
1649771955046
On branch main
Your branch is up to date with 'origin/main'.

Changes not staged for commit:
  (use "git add <file>..." to update what will be committed)
  (use "git restore <file>..." to discard changes in working directory)
	modified:   debug.log

no changes added to commit (use "git add" and/or "git commit -a")

Everything up-to-date
1649786355046
On branch main
Your branch is up to date with 'origin/main'.

Changes not staged for commit:
  (use "git add <file>..." to update what will be committed)
  (use "git restore <file>..." to discard changes in working directory)
	modified:   debug.log

no changes added to commit (use "git add" and/or "git commit -a")

Everything up-to-date
1649800755045
[main 745d9c8] update
 1 file changed, 3 insertions(+)

To github.com:edgecollective/wastewater-parse.git
   d65304b..745d9c8  main -> main
1649815155046
On branch main
Your branch is up to date with 'origin/main'.

Changes not staged for commit:
  (use "git add <file>..." to update what will be committed)
  (use "git restore <file>..." to discard changes in working directory)
	modified:   debug.log

no changes added to commit (use "git add" and/or "git commit -a")

Everything up-to-date
1649829555046
On branch main
Your branch is up to date with 'origin/main'.

Changes not staged for commit:
  (use "git add <file>..." to update what will be committed)
  (use "git restore <file>..." to discard changes in working directory)
	modified:   debug.log

no changes added to commit (use "git add" and/or "git commit -a")

Everything up-to-date
1649843955047
On branch main
Your branch is up to date with 'origin/main'.

Changes not staged for commit:
  (use "git add <file>..." to update what will be committed)
  (use "git restore <file>..." to discard changes in working directory)
	modified:   debug.log

no changes added to commit (use "git add" and/or "git commit -a")

Everything up-to-date
1649858355046
On branch main
Your branch is up to date with 'origin/main'.

Changes not staged for commit:
  (use "git add <file>..." to update what will be committed)
  (use "git restore <file>..." to discard changes in working directory)
	modified:   debug.log

no changes added to commit (use "git add" and/or "git commit -a")

Everything up-to-date
1649872755046
On branch main
Your branch is up to date with 'origin/main'.

Changes not staged for commit:
  (use "git add <file>..." to update what will be committed)
  (use "git restore <file>..." to discard changes in working directory)
	modified:   debug.log

no changes added to commit (use "git add" and/or "git commit -a")

Everything up-to-date
1649887155047
[main 111b1aa] update
 1 file changed, 1 insertion(+)

To github.com:edgecollective/wastewater-parse.git
   745d9c8..111b1aa  main -> main
1649901555046
On branch main
Your branch is up to date with 'origin/main'.

Changes not staged for commit:
  (use "git add <file>..." to update what will be committed)
  (use "git restore <file>..." to discard changes in working directory)
	modified:   debug.log

no changes added to commit (use "git add" and/or "git commit -a")

Everything up-to-date
1649915955047
On branch main
Your branch is up to date with 'origin/main'.

Changes not staged for commit:
  (use "git add <file>..." to update what will be committed)
  (use "git restore <file>..." to discard changes in working directory)
	modified:   debug.log

no changes added to commit (use "git add" and/or "git commit -a")

Everything up-to-date
1649930355048
On branch main
Your branch is up to date with 'origin/main'.

Changes not staged for commit:
  (use "git add <file>..." to update what will be committed)
  (use "git restore <file>..." to discard changes in working directory)
	modified:   debug.log

no changes added to commit (use "git add" and/or "git commit -a")

Everything up-to-date
1649944755049
On branch main
Your branch is up to date with 'origin/main'.

Changes not staged for commit:
  (use "git add <file>..." to update what will be committed)
  (use "git restore <file>..." to discard changes in working directory)
	modified:   debug.log

no changes added to commit (use "git add" and/or "git commit -a")

Everything up-to-date
1649959155049
On branch main
Your branch is up to date with 'origin/main'.

Changes not staged for commit:
  (use "git add <file>..." to update what will be committed)
  (use "git restore <file>..." to discard changes in working directory)
	modified:   debug.log

no changes added to commit (use "git add" and/or "git commit -a")

Everything up-to-date
1649973555049
On branch main
Your branch is up to date with 'origin/main'.

Changes not staged for commit:
  (use "git add <file>..." to update what will be committed)
  (use "git restore <file>..." to discard changes in working directory)
	modified:   debug.log

no changes added to commit (use "git add" and/or "git commit -a")

Everything up-to-date
1649987955050
[main 6be5ef0] update
 1 file changed, 1 insertion(+)

To github.com:edgecollective/wastewater-parse.git
   111b1aa..6be5ef0  main -> main
1650002355051
On branch main
Your branch is up to date with 'origin/main'.

Changes not staged for commit:
  (use "git add <file>..." to update what will be committed)
  (use "git restore <file>..." to discard changes in working directory)
	modified:   debug.log

no changes added to commit (use "git add" and/or "git commit -a")

Everything up-to-date
1650016755051
On branch main
Your branch is up to date with 'origin/main'.

Changes not staged for commit:
  (use "git add <file>..." to update what will be committed)
  (use "git restore <file>..." to discard changes in working directory)
	modified:   debug.log

no changes added to commit (use "git add" and/or "git commit -a")

Everything up-to-date
1650031155051
On branch main
Your branch is up to date with 'origin/main'.

Changes not staged for commit:
  (use "git add <file>..." to update what will be committed)
  (use "git restore <file>..." to discard changes in working directory)
	modified:   debug.log

no changes added to commit (use "git add" and/or "git commit -a")

Everything up-to-date
1650045555052
[main 1e99ca1] update
 1 file changed, 1 insertion(+)

To github.com:edgecollective/wastewater-parse.git
   6be5ef0..1e99ca1  main -> main
1650059955052
On branch main
Your branch is up to date with 'origin/main'.

Changes not staged for commit:
  (use "git add <file>..." to update what will be committed)
  (use "git restore <file>..." to discard changes in working directory)
	modified:   debug.log

no changes added to commit (use "git add" and/or "git commit -a")

Everything up-to-date
1650074355053
On branch main
Your branch is up to date with 'origin/main'.

Changes not staged for commit:
  (use "git add <file>..." to update what will be committed)
  (use "git restore <file>..." to discard changes in working directory)
	modified:   debug.log

no changes added to commit (use "git add" and/or "git commit -a")

Everything up-to-date
1650088755053
On branch main
Your branch is up to date with 'origin/main'.

Changes not staged for commit:
  (use "git add <file>..." to update what will be committed)
  (use "git restore <file>..." to discard changes in working directory)
	modified:   debug.log

no changes added to commit (use "git add" and/or "git commit -a")

Everything up-to-date
1650103155053
On branch main
Your branch is up to date with 'origin/main'.

Changes not staged for commit:
  (use "git add <file>..." to update what will be committed)
  (use "git restore <file>..." to discard changes in working directory)
	modified:   debug.log

no changes added to commit (use "git add" and/or "git commit -a")

Everything up-to-date
1650117555054
On branch main
Your branch is up to date with 'origin/main'.

Changes not staged for commit:
  (use "git add <file>..." to update what will be committed)
  (use "git restore <file>..." to discard changes in working directory)
	modified:   debug.log

no changes added to commit (use "git add" and/or "git commit -a")

Everything up-to-date
1650131955055
On branch main
Your branch is up to date with 'origin/main'.

Changes not staged for commit:
  (use "git add <file>..." to update what will be committed)
  (use "git restore <file>..." to discard changes in working directory)
	modified:   debug.log

no changes added to commit (use "git add" and/or "git commit -a")

Everything up-to-date
1650146355056
On branch main
Your branch is up to date with 'origin/main'.

Changes not staged for commit:
  (use "git add <file>..." to update what will be committed)
  (use "git restore <file>..." to discard changes in working directory)
	modified:   debug.log

no changes added to commit (use "git add" and/or "git commit -a")

Everything up-to-date
1650160755056
On branch main
Your branch is up to date with 'origin/main'.

Changes not staged for commit:
  (use "git add <file>..." to update what will be committed)
  (use "git restore <file>..." to discard changes in working directory)
	modified:   debug.log

no changes added to commit (use "git add" and/or "git commit -a")

Everything up-to-date
1650175155057
On branch main
Your branch is up to date with 'origin/main'.

Changes not staged for commit:
  (use "git add <file>..." to update what will be committed)
  (use "git restore <file>..." to discard changes in working directory)
	modified:   debug.log

no changes added to commit (use "git add" and/or "git commit -a")

Everything up-to-date
1650189555058
On branch main
Your branch is up to date with 'origin/main'.

Changes not staged for commit:
  (use "git add <file>..." to update what will be committed)
  (use "git restore <file>..." to discard changes in working directory)
	modified:   debug.log

no changes added to commit (use "git add" and/or "git commit -a")

Everything up-to-date
1650203955058
On branch main
Your branch is up to date with 'origin/main'.

Changes not staged for commit:
  (use "git add <file>..." to update what will be committed)
  (use "git restore <file>..." to discard changes in working directory)
	modified:   debug.log

no changes added to commit (use "git add" and/or "git commit -a")

Everything up-to-date
1650218355058
On branch main
Your branch is up to date with 'origin/main'.

Changes not staged for commit:
  (use "git add <file>..." to update what will be committed)
  (use "git restore <file>..." to discard changes in working directory)
	modified:   debug.log

no changes added to commit (use "git add" and/or "git commit -a")

Everything up-to-date
1650232755058
On branch main
Your branch is up to date with 'origin/main'.

Changes not staged for commit:
  (use "git add <file>..." to update what will be committed)
  (use "git restore <file>..." to discard changes in working directory)
	modified:   debug.log

no changes added to commit (use "git add" and/or "git commit -a")

Everything up-to-date
1650247155058
On branch main
Your branch is up to date with 'origin/main'.

Changes not staged for commit:
  (use "git add <file>..." to update what will be committed)
  (use "git restore <file>..." to discard changes in working directory)
	modified:   debug.log

no changes added to commit (use "git add" and/or "git commit -a")

Everything up-to-date
1650261555058
On branch main
Your branch is up to date with 'origin/main'.

Changes not staged for commit:
  (use "git add <file>..." to update what will be committed)
  (use "git restore <file>..." to discard changes in working directory)
	modified:   debug.log

no changes added to commit (use "git add" and/or "git commit -a")

Everything up-to-date
1650275955058
On branch main
Your branch is up to date with 'origin/main'.

Changes not staged for commit:
  (use "git add <file>..." to update what will be committed)
  (use "git restore <file>..." to discard changes in working directory)
	modified:   debug.log

no changes added to commit (use "git add" and/or "git commit -a")

Everything up-to-date
1650290355058
On branch main
Your branch is up to date with 'origin/main'.

Changes not staged for commit:
  (use "git add <file>..." to update what will be committed)
  (use "git restore <file>..." to discard changes in working directory)
	modified:   debug.log

no changes added to commit (use "git add" and/or "git commit -a")

Everything up-to-date
1650304755059
On branch main
Your branch is up to date with 'origin/main'.

Changes not staged for commit:
  (use "git add <file>..." to update what will be committed)
  (use "git restore <file>..." to discard changes in working directory)
	modified:   debug.log

no changes added to commit (use "git add" and/or "git commit -a")

Everything up-to-date
1650319155059
On branch main
Your branch is up to date with 'origin/main'.

Changes not staged for commit:
  (use "git add <file>..." to update what will be committed)
  (use "git restore <file>..." to discard changes in working directory)
	modified:   debug.log

no changes added to commit (use "git add" and/or "git commit -a")

Everything up-to-date
1650333555060
On branch main
Your branch is up to date with 'origin/main'.

Changes not staged for commit:
  (use "git add <file>..." to update what will be committed)
  (use "git restore <file>..." to discard changes in working directory)
	modified:   debug.log

no changes added to commit (use "git add" and/or "git commit -a")

Everything up-to-date
1650347955059
On branch main
Your branch is up to date with 'origin/main'.

Changes not staged for commit:
  (use "git add <file>..." to update what will be committed)
  (use "git restore <file>..." to discard changes in working directory)
	modified:   debug.log

no changes added to commit (use "git add" and/or "git commit -a")

Everything up-to-date
1650362355059
On branch main
Your branch is up to date with 'origin/main'.

Changes not staged for commit:
  (use "git add <file>..." to update what will be committed)
  (use "git restore <file>..." to discard changes in working directory)
	modified:   debug.log

no changes added to commit (use "git add" and/or "git commit -a")

Everything up-to-date
1650376755059
On branch main
Your branch is up to date with 'origin/main'.

Changes not staged for commit:
  (use "git add <file>..." to update what will be committed)
  (use "git restore <file>..." to discard changes in working directory)
	modified:   debug.log

no changes added to commit (use "git add" and/or "git commit -a")

Everything up-to-date
1650391155059
On branch main
Your branch is up to date with 'origin/main'.

Changes not staged for commit:
  (use "git add <file>..." to update what will be committed)
  (use "git restore <file>..." to discard changes in working directory)
	modified:   debug.log

no changes added to commit (use "git add" and/or "git commit -a")

Everything up-to-date
1650405555060
On branch main
Your branch is up to date with 'origin/main'.

Changes not staged for commit:
  (use "git add <file>..." to update what will be committed)
  (use "git restore <file>..." to discard changes in working directory)
	modified:   debug.log

no changes added to commit (use "git add" and/or "git commit -a")

Everything up-to-date
1650419955061
On branch main
Your branch is up to date with 'origin/main'.

Changes not staged for commit:
  (use "git add <file>..." to update what will be committed)
  (use "git restore <file>..." to discard changes in working directory)
	modified:   debug.log

no changes added to commit (use "git add" and/or "git commit -a")

Everything up-to-date
1650434355060
On branch main
Your branch is up to date with 'origin/main'.

Changes not staged for commit:
  (use "git add <file>..." to update what will be committed)
  (use "git restore <file>..." to discard changes in working directory)
	modified:   debug.log

no changes added to commit (use "git add" and/or "git commit -a")

Everything up-to-date
1650448755060
On branch main
Your branch is up to date with 'origin/main'.

Changes not staged for commit:
  (use "git add <file>..." to update what will be committed)
  (use "git restore <file>..." to discard changes in working directory)
	modified:   debug.log

no changes added to commit (use "git add" and/or "git commit -a")

Everything up-to-date
1650463155061
On branch main
Your branch is up to date with 'origin/main'.

Changes not staged for commit:
  (use "git add <file>..." to update what will be committed)
  (use "git restore <file>..." to discard changes in working directory)
	modified:   debug.log

no changes added to commit (use "git add" and/or "git commit -a")

Everything up-to-date
1650477555062
On branch main
Your branch is up to date with 'origin/main'.

Changes not staged for commit:
  (use "git add <file>..." to update what will be committed)
  (use "git restore <file>..." to discard changes in working directory)
	modified:   debug.log

no changes added to commit (use "git add" and/or "git commit -a")

Everything up-to-date
1650491955061
[main 4b228ee] update
 1 file changed, 5 insertions(+)

To github.com:edgecollective/wastewater-parse.git
   1e99ca1..4b228ee  main -> main
1650506355061
On branch main
Your branch is up to date with 'origin/main'.

Changes not staged for commit:
  (use "git add <file>..." to update what will be committed)
  (use "git restore <file>..." to discard changes in working directory)
	modified:   debug.log

no changes added to commit (use "git add" and/or "git commit -a")

Everything up-to-date
1650520755061
On branch main
Your branch is up to date with 'origin/main'.

Changes not staged for commit:
  (use "git add <file>..." to update what will be committed)
  (use "git restore <file>..." to discard changes in working directory)
	modified:   debug.log

no changes added to commit (use "git add" and/or "git commit -a")

Everything up-to-date
1650535155062
On branch main
Your branch is up to date with 'origin/main'.

Changes not staged for commit:
  (use "git add <file>..." to update what will be committed)
  (use "git restore <file>..." to discard changes in working directory)
	modified:   debug.log

no changes added to commit (use "git add" and/or "git commit -a")

Everything up-to-date
1650549555062
On branch main
Your branch is up to date with 'origin/main'.

Changes not staged for commit:
  (use "git add <file>..." to update what will be committed)
  (use "git restore <file>..." to discard changes in working directory)
	modified:   debug.log

no changes added to commit (use "git add" and/or "git commit -a")

Everything up-to-date
